  [1m[35m (4.8ms)[0m  [1m[35mCREATE TABLE "schema_migrations" ("version" varchar NOT NULL PRIMARY KEY)[0m
  [1m[35m (0.2ms)[0m  [1m[35mCREATE TABLE "ar_internal_metadata" ("key" varchar NOT NULL PRIMARY KEY, "value" varchar, "created_at" datetime(6) NOT NULL, "updated_at" datetime(6) NOT NULL)[0m
  [1m[36mActiveRecord::InternalMetadata Load (0.2ms)[0m  [1m[34mSELECT * FROM "ar_internal_metadata" WHERE "ar_internal_metadata"."key" = ? ORDER BY "ar_internal_metadata"."key" ASC LIMIT 1[0m  [[nil, "environment"]]
  [1m[36mActiveRecord::InternalMetadata Create (0.4ms)[0m  [1m[32mINSERT INTO "ar_internal_metadata" ("key", "value", "created_at", "updated_at") VALUES ('environment', 'development', '2025-01-01 22:46:18.961526', '2025-01-01 22:46:18.961530') RETURNING "key"[0m
  [1m[36mActiveRecord::SchemaMigration Load (0.1ms)[0m  [1m[34mSELECT "schema_migrations"."version" FROM "schema_migrations" ORDER BY "schema_migrations"."version" ASC[0m
Migrating to CreateTickets (20250101224529)
  [1m[36mTRANSACTION (0.1ms)[0m  [1m[36mbegin transaction[0m
  [1m[35m (1.7ms)[0m  [1m[35mCREATE TABLE "tickets" ("id" integer PRIMARY KEY AUTOINCREMENT NOT NULL, "name" varchar, "seat_id_seq" varchar, "address" text, "price_paid" decimal, "email_address" varchar, "created_at" datetime(6) NOT NULL, "updated_at" datetime(6) NOT NULL)[0m
  [1m[36mActiveRecord::SchemaMigration Create (0.1ms)[0m  [1m[32mINSERT INTO "schema_migrations" ("version") VALUES ('20250101224529') RETURNING "version"[0m
  [1m[36mTRANSACTION (0.1ms)[0m  [1m[36mcommit transaction[0m
  [1m[36mActiveRecord::SchemaMigration Load (0.1ms)[0m  [1m[34mSELECT "schema_migrations"."version" FROM "schema_migrations" ORDER BY "schema_migrations"."version" ASC[0m
Started GET "/" for 127.0.0.1 at 2025-01-01 19:46:42 -0300
  [1m[36mActiveRecord::SchemaMigration Load (0.2ms)[0m  [1m[34mSELECT "schema_migrations"."version" FROM "schema_migrations" ORDER BY "schema_migrations"."version" ASC[0m
Processing by Rails::WelcomeController#index as HTML
  Rendering /home/joao/.rvm/gems/ruby-3.0.0/gems/railties-7.1.5.1/lib/rails/templates/rails/welcome/index.html.erb
  Rendered /home/joao/.rvm/gems/ruby-3.0.0/gems/railties-7.1.5.1/lib/rails/templates/rails/welcome/index.html.erb (Duration: 1.2ms | Allocations: 526)
Completed 200 OK in 29ms (Views: 9.5ms | ActiveRecord: 0.0ms | Allocations: 9322)


Started GET "/tickets" for 127.0.0.1 at 2025-01-01 19:46:48 -0300
Processing by TicketsController#index as HTML
  Rendering layout layouts/application.html.erb
  Rendering tickets/index.html.erb within layouts/application
  [1m[36mTicket Load (0.3ms)[0m  [1m[34mSELECT "tickets".* FROM "tickets"[0m
  ↳ app/views/tickets/index.html.erb:6
  Rendered tickets/index.html.erb within layouts/application (Duration: 11.1ms | Allocations: 1601)
  Rendered layout layouts/application.html.erb (Duration: 389.3ms | Allocations: 103826)
Completed 200 OK in 441ms (Views: 390.3ms | ActiveRecord: 2.6ms | Allocations: 118228)


Started GET "/tickets/new" for 127.0.0.1 at 2025-01-01 19:46:49 -0300
Processing by TicketsController#new as HTML
  Rendering layout layouts/application.html.erb
  Rendering tickets/new.html.erb within layouts/application
  Rendered tickets/_form.html.erb (Duration: 34.3ms | Allocations: 6525)
  Rendered tickets/new.html.erb within layouts/application (Duration: 36.4ms | Allocations: 6852)
  Rendered layout layouts/application.html.erb (Duration: 39.2ms | Allocations: 8001)
Completed 200 OK in 81ms (Views: 40.5ms | ActiveRecord: 0.9ms | Allocations: 28004)


Started GET "/tickets" for 127.0.0.1 at 2025-01-01 19:46:53 -0300
Processing by TicketsController#index as HTML
  Rendering layout layouts/application.html.erb
  Rendering tickets/index.html.erb within layouts/application
  [1m[36mTicket Load (0.9ms)[0m  [1m[34mSELECT "tickets".* FROM "tickets"[0m
  ↳ app/views/tickets/index.html.erb:6
  Rendered tickets/index.html.erb within layouts/application (Duration: 8.7ms | Allocations: 801)
  Rendered layout layouts/application.html.erb (Duration: 12.6ms | Allocations: 1963)
Completed 200 OK in 15ms (Views: 13.0ms | ActiveRecord: 0.9ms | Allocations: 2291)


Started GET "/tickets" for 127.0.0.1 at 2025-01-01 19:46:56 -0300
Processing by TicketsController#index as HTML
  Rendering layout layouts/application.html.erb
  Rendering tickets/index.html.erb within layouts/application
  [1m[36mTicket Load (0.1ms)[0m  [1m[34mSELECT "tickets".* FROM "tickets"[0m
  ↳ app/views/tickets/index.html.erb:6
  Rendered tickets/index.html.erb within layouts/application (Duration: 2.5ms | Allocations: 800)
  Rendered layout layouts/application.html.erb (Duration: 5.1ms | Allocations: 1962)
Completed 200 OK in 7ms (Views: 5.9ms | ActiveRecord: 0.1ms | Allocations: 2281)


Started POST "/tickets" for 127.0.0.1 at 2025-01-01 19:48:43 -0300
Processing by TicketsController#create as TURBO_STREAM
  Parameters: {"authenticity_token"=>"[FILTERED]", "ticket"=>{"name"=>"Alan turing ", "seat_id_seq"=>"1A", "address"=>"Street 127, house assdumb", "price_paid"=>"89.99", "email_address"=>"alanturing@computation.com"}, "commit"=>"Create Ticket"}
  [1m[36mTRANSACTION (0.2ms)[0m  [1m[36mbegin transaction[0m
  ↳ app/controllers/tickets_controller.rb:27:in `block in create'
  [1m[36mTicket Create (3.1ms)[0m  [1m[32mINSERT INTO "tickets" ("name", "seat_id_seq", "address", "price_paid", "email_address", "created_at", "updated_at") VALUES (?, ?, ?, ?, ?, ?, ?) RETURNING "id"[0m  [["name", "Alan turing "], ["seat_id_seq", "1A"], ["address", "Street 127, house assdumb"], ["price_paid", 89.99], ["email_address", "alanturing@computation.com"], ["created_at", "2025-01-01 22:48:43.043048"], ["updated_at", "2025-01-01 22:48:43.043048"]]
  ↳ app/controllers/tickets_controller.rb:27:in `block in create'
  [1m[36mTRANSACTION (4.0ms)[0m  [1m[36mcommit transaction[0m
  ↳ app/controllers/tickets_controller.rb:27:in `block in create'
Redirected to http://localhost:3000/tickets/1
Completed 302 Found in 21ms (ActiveRecord: 7.3ms | Allocations: 3799)


Started GET "/tickets/1" for 127.0.0.1 at 2025-01-01 19:48:43 -0300
Processing by TicketsController#show as TURBO_STREAM
  Parameters: {"id"=>"1"}
  [1m[36mTicket Load (0.2ms)[0m  [1m[34mSELECT "tickets".* FROM "tickets" WHERE "tickets"."id" = ? LIMIT ?[0m  [["id", 1], ["LIMIT", 1]]
  ↳ app/controllers/tickets_controller.rb:63:in `set_ticket'
  Rendering layout layouts/application.html.erb
  Rendering tickets/show.html.erb within layouts/application
  Rendered tickets/_ticket.html.erb (Duration: 1.3ms | Allocations: 319)
  Rendered tickets/show.html.erb within layouts/application (Duration: 7.2ms | Allocations: 1447)
  Rendered layout layouts/application.html.erb (Duration: 10.0ms | Allocations: 2598)
Completed 200 OK in 34ms (Views: 11.0ms | ActiveRecord: 0.2ms | Allocations: 5820)


Started GET "/tickets" for 127.0.0.1 at 2025-01-01 19:48:47 -0300
Processing by TicketsController#index as HTML
  Rendering layout layouts/application.html.erb
  Rendering tickets/index.html.erb within layouts/application
  [1m[36mTicket Load (0.1ms)[0m  [1m[34mSELECT "tickets".* FROM "tickets"[0m
  ↳ app/views/tickets/index.html.erb:6
  Rendered tickets/_ticket.html.erb (Duration: 0.3ms | Allocations: 25)
  Rendered tickets/index.html.erb within layouts/application (Duration: 4.8ms | Allocations: 932)
  Rendered layout layouts/application.html.erb (Duration: 9.2ms | Allocations: 2094)
Completed 200 OK in 11ms (Views: 10.3ms | ActiveRecord: 0.1ms | Allocations: 2422)


Started GET "/tickets/1" for 127.0.0.1 at 2025-01-01 19:48:49 -0300
Processing by TicketsController#show as HTML
  Parameters: {"id"=>"1"}
  [1m[36mTicket Load (0.1ms)[0m  [1m[34mSELECT "tickets".* FROM "tickets" WHERE "tickets"."id" = ? LIMIT ?[0m  [["id", 1], ["LIMIT", 1]]
  ↳ app/controllers/tickets_controller.rb:63:in `set_ticket'
  Rendering layout layouts/application.html.erb
  Rendering tickets/show.html.erb within layouts/application
  Rendered tickets/_ticket.html.erb (Duration: 0.2ms | Allocations: 25)
  Rendered tickets/show.html.erb within layouts/application (Duration: 2.0ms | Allocations: 520)
  Rendered layout layouts/application.html.erb (Duration: 5.6ms | Allocations: 1665)
Completed 200 OK in 10ms (Views: 6.6ms | ActiveRecord: 0.1ms | Allocations: 2480)


Started GET "/tickets/1/edit" for 127.0.0.1 at 2025-01-01 19:48:52 -0300
Processing by TicketsController#edit as HTML
  Parameters: {"id"=>"1"}
  [1m[36mTicket Load (0.1ms)[0m  [1m[34mSELECT "tickets".* FROM "tickets" WHERE "tickets"."id" = ? LIMIT ?[0m  [["id", 1], ["LIMIT", 1]]
  ↳ app/controllers/tickets_controller.rb:63:in `set_ticket'
  Rendering layout layouts/application.html.erb
  Rendering tickets/edit.html.erb within layouts/application
  Rendered tickets/_form.html.erb (Duration: 8.2ms | Allocations: 1400)
  Rendered tickets/edit.html.erb within layouts/application (Duration: 11.6ms | Allocations: 1672)
  Rendered layout layouts/application.html.erb (Duration: 15.4ms | Allocations: 2817)
Completed 200 OK in 21ms (Views: 17.5ms | ActiveRecord: 0.1ms | Allocations: 3690)


Started GET "/tickets/1" for 127.0.0.1 at 2025-01-01 19:48:54 -0300
Processing by TicketsController#show as HTML
  Parameters: {"id"=>"1"}
  [1m[36mTicket Load (0.1ms)[0m  [1m[34mSELECT "tickets".* FROM "tickets" WHERE "tickets"."id" = ? LIMIT ?[0m  [["id", 1], ["LIMIT", 1]]
  ↳ app/controllers/tickets_controller.rb:63:in `set_ticket'
  Rendering layout layouts/application.html.erb
  Rendering tickets/show.html.erb within layouts/application
  Rendered tickets/_ticket.html.erb (Duration: 0.1ms | Allocations: 25)
  Rendered tickets/show.html.erb within layouts/application (Duration: 1.6ms | Allocations: 506)
  Rendered layout layouts/application.html.erb (Duration: 6.7ms | Allocations: 1651)
Completed 200 OK in 13ms (Views: 9.5ms | ActiveRecord: 0.1ms | Allocations: 2464)


Started GET "/tickets" for 127.0.0.1 at 2025-01-01 19:48:55 -0300
Processing by TicketsController#index as HTML
  Rendering layout layouts/application.html.erb
  Rendering tickets/index.html.erb within layouts/application
  [1m[36mTicket Load (0.2ms)[0m  [1m[34mSELECT "tickets".* FROM "tickets"[0m
  ↳ app/views/tickets/index.html.erb:6
  Rendered tickets/_ticket.html.erb (Duration: 0.2ms | Allocations: 25)
  Rendered tickets/index.html.erb within layouts/application (Duration: 4.0ms | Allocations: 930)
  Rendered layout layouts/application.html.erb (Duration: 6.9ms | Allocations: 2092)
Completed 200 OK in 9ms (Views: 7.7ms | ActiveRecord: 0.1ms | Allocations: 2411)


Started GET "/tickets/new" for 127.0.0.1 at 2025-01-01 19:48:56 -0300
Processing by TicketsController#new as HTML
  Rendering layout layouts/application.html.erb
  Rendering tickets/new.html.erb within layouts/application
  Rendered tickets/_form.html.erb (Duration: 4.0ms | Allocations: 1323)
  Rendered tickets/new.html.erb within layouts/application (Duration: 8.0ms | Allocations: 1398)
  Rendered layout layouts/application.html.erb (Duration: 11.9ms | Allocations: 2547)
Completed 200 OK in 14ms (Views: 13.1ms | ActiveRecord: 0.0ms | Allocations: 2871)


Started GET "/tickets/new" for 127.0.0.1 at 2025-01-01 19:48:57 -0300
Processing by TicketsController#new as HTML
  Rendering layout layouts/application.html.erb
  Rendering tickets/new.html.erb within layouts/application
  Rendered tickets/_form.html.erb (Duration: 3.1ms | Allocations: 1324)
  Rendered tickets/new.html.erb within layouts/application (Duration: 3.7ms | Allocations: 1399)
  Rendered layout layouts/application.html.erb (Duration: 12.3ms | Allocations: 2548)
Completed 200 OK in 14ms (Views: 13.5ms | ActiveRecord: 0.0ms | Allocations: 2872)


  [1m[36mActiveRecord::SchemaMigration Load (0.1ms)[0m  [1m[34mSELECT "schema_migrations"."version" FROM "schema_migrations" ORDER BY "schema_migrations"."version" ASC[0m
Started GET "/" for 127.0.0.1 at 2025-01-06 13:14:34 -0300
  [1m[36mActiveRecord::SchemaMigration Load (0.2ms)[0m  [1m[34mSELECT "schema_migrations"."version" FROM "schema_migrations" ORDER BY "schema_migrations"."version" ASC[0m
Processing by Rails::WelcomeController#index as HTML
  Rendering /home/joao/.rvm/gems/ruby-3.0.0/gems/railties-7.1.5.1/lib/rails/templates/rails/welcome/index.html.erb
  Rendered /home/joao/.rvm/gems/ruby-3.0.0/gems/railties-7.1.5.1/lib/rails/templates/rails/welcome/index.html.erb (Duration: 1.0ms | Allocations: 526)
Completed 200 OK in 13ms (Views: 5.6ms | ActiveRecord: 0.0ms | Allocations: 6458)


Started GET "/tickets" for 127.0.0.1 at 2025-01-06 13:14:38 -0300
Processing by TicketsController#index as HTML
  Rendering layout layouts/application.html.erb
  Rendering tickets/index.html.erb within layouts/application
  [1m[36mTicket Load (0.1ms)[0m  [1m[34mSELECT "tickets".* FROM "tickets"[0m
  ↳ app/views/tickets/index.html.erb:6
  Rendered tickets/_ticket.html.erb (Duration: 0.6ms | Allocations: 356)
  Rendered tickets/index.html.erb within layouts/application (Duration: 15.1ms | Allocations: 21910)
  Rendered layout layouts/application.html.erb (Duration: 82.7ms | Allocations: 55432)
Completed 200 OK in 96ms (Views: 82.8ms | ActiveRecord: 1.2ms | Allocations: 67312)


Started GET "/tickets/1" for 127.0.0.1 at 2025-01-06 13:14:44 -0300
Processing by TicketsController#show as HTML
  Parameters: {"id"=>"1"}
  [1m[36mTicket Load (0.1ms)[0m  [1m[34mSELECT "tickets".* FROM "tickets" WHERE "tickets"."id" = ? LIMIT ?[0m  [["id", 1], ["LIMIT", 1]]
  ↳ app/controllers/tickets_controller.rb:63:in `set_ticket'
  Rendering layout layouts/application.html.erb
  Rendering tickets/show.html.erb within layouts/application
  Rendered tickets/_ticket.html.erb (Duration: 0.1ms | Allocations: 25)
  Rendered tickets/show.html.erb within layouts/application (Duration: 5.0ms | Allocations: 2713)
  Rendered layout layouts/application.html.erb (Duration: 6.3ms | Allocations: 3858)
Completed 200 OK in 11ms (Views: 6.7ms | ActiveRecord: 0.1ms | Allocations: 6782)


Started GET "/tickets/1/edit" for 127.0.0.1 at 2025-01-06 13:14:45 -0300
Processing by TicketsController#edit as HTML
  Parameters: {"id"=>"1"}
  [1m[36mTicket Load (0.1ms)[0m  [1m[34mSELECT "tickets".* FROM "tickets" WHERE "tickets"."id" = ? LIMIT ?[0m  [["id", 1], ["LIMIT", 1]]
  ↳ app/controllers/tickets_controller.rb:63:in `set_ticket'
  Rendering layout layouts/application.html.erb
  Rendering tickets/edit.html.erb within layouts/application
  Rendered tickets/_form.html.erb (Duration: 4.9ms | Allocations: 3115)
  Rendered tickets/edit.html.erb within layouts/application (Duration: 5.8ms | Allocations: 3454)
  Rendered layout layouts/application.html.erb (Duration: 6.9ms | Allocations: 4599)
Completed 200 OK in 9ms (Views: 7.5ms | ActiveRecord: 0.1ms | Allocations: 5488)


Started GET "/tickets" for 127.0.0.1 at 2025-01-06 13:14:46 -0300
Processing by TicketsController#index as HTML
  Rendering layout layouts/application.html.erb
  Rendering tickets/index.html.erb within layouts/application
  [1m[36mTicket Load (0.1ms)[0m  [1m[34mSELECT "tickets".* FROM "tickets"[0m
  ↳ app/views/tickets/index.html.erb:6
  Rendered tickets/_ticket.html.erb (Duration: 0.1ms | Allocations: 25)
  Rendered tickets/index.html.erb within layouts/application (Duration: 1.7ms | Allocations: 927)
  Rendered layout layouts/application.html.erb (Duration: 2.8ms | Allocations: 2089)
Completed 200 OK in 3ms (Views: 3.1ms | ActiveRecord: 0.1ms | Allocations: 2417)


Started GET "/tickets/1/edit" for 127.0.0.1 at 2025-01-06 13:14:47 -0300
Processing by TicketsController#edit as HTML
  Parameters: {"id"=>"1"}
  [1m[36mTicket Load (0.1ms)[0m  [1m[34mSELECT "tickets".* FROM "tickets" WHERE "tickets"."id" = ? LIMIT ?[0m  [["id", 1], ["LIMIT", 1]]
  ↳ app/controllers/tickets_controller.rb:63:in `set_ticket'
  Rendering layout layouts/application.html.erb
  Rendering tickets/edit.html.erb within layouts/application
  Rendered tickets/_form.html.erb (Duration: 1.1ms | Allocations: 1369)
  Rendered tickets/edit.html.erb within layouts/application (Duration: 1.3ms | Allocations: 1471)
  Rendered layout layouts/application.html.erb (Duration: 2.3ms | Allocations: 2616)
Completed 200 OK in 4ms (Views: 2.6ms | ActiveRecord: 0.1ms | Allocations: 3433)


Started GET "/tickets" for 127.0.0.1 at 2025-01-06 13:14:47 -0300
Processing by TicketsController#index as HTML
  Rendering layout layouts/application.html.erb
  Rendering tickets/index.html.erb within layouts/application
  [1m[36mTicket Load (0.1ms)[0m  [1m[34mSELECT "tickets".* FROM "tickets"[0m
  ↳ app/views/tickets/index.html.erb:6
  Rendered tickets/_ticket.html.erb (Duration: 0.1ms | Allocations: 25)
  Rendered tickets/index.html.erb within layouts/application (Duration: 1.4ms | Allocations: 937)
  Rendered layout layouts/application.html.erb (Duration: 2.4ms | Allocations: 2099)
Completed 200 OK in 3ms (Views: 2.8ms | ActiveRecord: 0.1ms | Allocations: 2418)


Started GET "/tickets/1" for 127.0.0.1 at 2025-01-06 13:14:49 -0300
Processing by TicketsController#show as HTML
  Parameters: {"id"=>"1"}
  [1m[36mTicket Load (0.1ms)[0m  [1m[34mSELECT "tickets".* FROM "tickets" WHERE "tickets"."id" = ? LIMIT ?[0m  [["id", 1], ["LIMIT", 1]]
  ↳ app/controllers/tickets_controller.rb:63:in `set_ticket'
  Rendering layout layouts/application.html.erb
  Rendering tickets/show.html.erb within layouts/application
  Rendered tickets/_ticket.html.erb (Duration: 0.1ms | Allocations: 25)
  Rendered tickets/show.html.erb within layouts/application (Duration: 0.8ms | Allocations: 520)
  Rendered layout layouts/application.html.erb (Duration: 1.7ms | Allocations: 1665)
Completed 200 OK in 3ms (Views: 2.1ms | ActiveRecord: 0.1ms | Allocations: 2476)


Started GET "/tickets" for 127.0.0.1 at 2025-01-06 13:14:50 -0300
Processing by TicketsController#index as HTML
  Rendering layout layouts/application.html.erb
  Rendering tickets/index.html.erb within layouts/application
  [1m[36mTicket Load (0.1ms)[0m  [1m[34mSELECT "tickets".* FROM "tickets"[0m
  ↳ app/views/tickets/index.html.erb:6
  Rendered tickets/_ticket.html.erb (Duration: 0.1ms | Allocations: 25)
  Rendered tickets/index.html.erb within layouts/application (Duration: 1.7ms | Allocations: 931)
  Rendered layout layouts/application.html.erb (Duration: 2.7ms | Allocations: 2093)
Completed 200 OK in 3ms (Views: 3.0ms | ActiveRecord: 0.1ms | Allocations: 2412)


Started GET "/tickets/new" for 127.0.0.1 at 2025-01-06 13:14:51 -0300
Processing by TicketsController#new as HTML
  Rendering layout layouts/application.html.erb
  Rendering tickets/new.html.erb within layouts/application
  Rendered tickets/_form.html.erb (Duration: 1.9ms | Allocations: 1359)
  Rendered tickets/new.html.erb within layouts/application (Duration: 2.7ms | Allocations: 1586)
  Rendered layout layouts/application.html.erb (Duration: 3.8ms | Allocations: 2735)
Completed 200 OK in 5ms (Views: 4.2ms | ActiveRecord: 0.0ms | Allocations: 3141)


Started GET "/tickets" for 127.0.0.1 at 2025-01-06 13:14:53 -0300
Processing by TicketsController#index as HTML
  Rendering layout layouts/application.html.erb
  Rendering tickets/index.html.erb within layouts/application
  [1m[36mTicket Load (0.1ms)[0m  [1m[34mSELECT "tickets".* FROM "tickets"[0m
  ↳ app/views/tickets/index.html.erb:6
  Rendered tickets/_ticket.html.erb (Duration: 0.1ms | Allocations: 25)
  Rendered tickets/index.html.erb within layouts/application (Duration: 1.5ms | Allocations: 933)
  Rendered layout layouts/application.html.erb (Duration: 3.1ms | Allocations: 2095)
Completed 200 OK in 4ms (Views: 3.5ms | ActiveRecord: 0.1ms | Allocations: 2414)


Started GET "/tickets/1" for 127.0.0.1 at 2025-01-06 13:14:54 -0300
Processing by TicketsController#show as HTML
  Parameters: {"id"=>"1"}
  [1m[36mTicket Load (0.1ms)[0m  [1m[34mSELECT "tickets".* FROM "tickets" WHERE "tickets"."id" = ? LIMIT ?[0m  [["id", 1], ["LIMIT", 1]]
  ↳ app/controllers/tickets_controller.rb:63:in `set_ticket'
  Rendering layout layouts/application.html.erb
  Rendering tickets/show.html.erb within layouts/application
  Rendered tickets/_ticket.html.erb (Duration: 0.1ms | Allocations: 25)
  Rendered tickets/show.html.erb within layouts/application (Duration: 1.0ms | Allocations: 522)
  Rendered layout layouts/application.html.erb (Duration: 2.5ms | Allocations: 1667)
Completed 200 OK in 4ms (Views: 3.0ms | ActiveRecord: 0.1ms | Allocations: 2480)


Started GET "/tickets/1" for 127.0.0.1 at 2025-01-06 13:14:54 -0300
Processing by TicketsController#show as HTML
  Parameters: {"id"=>"1"}
  [1m[36mTicket Load (0.1ms)[0m  [1m[34mSELECT "tickets".* FROM "tickets" WHERE "tickets"."id" = ? LIMIT ?[0m  [["id", 1], ["LIMIT", 1]]
  ↳ app/controllers/tickets_controller.rb:63:in `set_ticket'
  Rendering layout layouts/application.html.erb
  Rendering tickets/show.html.erb within layouts/application
  Rendered tickets/_ticket.html.erb (Duration: 0.1ms | Allocations: 25)
  Rendered tickets/show.html.erb within layouts/application (Duration: 0.9ms | Allocations: 526)
  Rendered layout layouts/application.html.erb (Duration: 1.9ms | Allocations: 1671)
Completed 200 OK in 3ms (Views: 2.3ms | ActiveRecord: 0.1ms | Allocations: 2482)


Started GET "/tickets" for 127.0.0.1 at 2025-01-06 13:16:08 -0300
Processing by TicketsController#index as HTML
  Rendering layout layouts/application.html.erb
  Rendering tickets/index.html.erb within layouts/application
  [1m[36mTicket Load (0.0ms)[0m  [1m[34mSELECT "tickets".* FROM "tickets"[0m
  ↳ app/views/tickets/index.html.erb:6
  Rendered tickets/_ticket.html.erb (Duration: 0.6ms | Allocations: 309)
  Rendered tickets/index.html.erb within layouts/application (Duration: 6.6ms | Allocations: 5669)
  Rendered layout layouts/application.html.erb (Duration: 14.9ms | Allocations: 21027)
Completed 200 OK in 18ms (Views: 15.1ms | ActiveRecord: 1.1ms | Allocations: 22823)


Started GET "/tickets/1" for 127.0.0.1 at 2025-01-06 13:16:19 -0300
Processing by TicketsController#show as HTML
  Parameters: {"id"=>"1"}
  [1m[36mTicket Load (0.1ms)[0m  [1m[34mSELECT "tickets".* FROM "tickets" WHERE "tickets"."id" = ? LIMIT ?[0m  [["id", 1], ["LIMIT", 1]]
  ↳ app/controllers/tickets_controller.rb:63:in `set_ticket'
  Rendering layout layouts/application.html.erb
  Rendering tickets/show.html.erb within layouts/application
  Rendered tickets/_ticket.html.erb (Duration: 0.1ms | Allocations: 25)
  Rendered tickets/show.html.erb within layouts/application (Duration: 1.1ms | Allocations: 723)
  Rendered layout layouts/application.html.erb (Duration: 2.2ms | Allocations: 1868)
Completed 200 OK in 4ms (Views: 2.7ms | ActiveRecord: 0.1ms | Allocations: 3402)


Started GET "/tickets/1/edit" for 127.0.0.1 at 2025-01-06 13:16:45 -0300
Processing by TicketsController#edit as HTML
  Parameters: {"id"=>"1"}
  [1m[36mTicket Load (0.1ms)[0m  [1m[34mSELECT "tickets".* FROM "tickets" WHERE "tickets"."id" = ? LIMIT ?[0m  [["id", 1], ["LIMIT", 1]]
  ↳ app/controllers/tickets_controller.rb:63:in `set_ticket'
  Rendering layout layouts/application.html.erb
  Rendering tickets/edit.html.erb within layouts/application
  Rendered tickets/_form.html.erb (Duration: 3.0ms | Allocations: 2020)
  Rendered tickets/edit.html.erb within layouts/application (Duration: 4.2ms | Allocations: 2364)
  Rendered layout layouts/application.html.erb (Duration: 67.5ms | Allocations: 17632)
Completed 200 OK in 77ms (Views: 68.8ms | ActiveRecord: 1.3ms | Allocations: 24395)


Started GET "/tickets/1" for 127.0.0.1 at 2025-01-06 13:16:46 -0300
Processing by TicketsController#show as HTML
  Parameters: {"id"=>"1"}
  [1m[36mTicket Load (0.1ms)[0m  [1m[34mSELECT "tickets".* FROM "tickets" WHERE "tickets"."id" = ? LIMIT ?[0m  [["id", 1], ["LIMIT", 1]]
  ↳ app/controllers/tickets_controller.rb:63:in `set_ticket'
  Rendering layout layouts/application.html.erb
  Rendering tickets/show.html.erb within layouts/application
  Rendered tickets/_ticket.html.erb (Duration: 0.4ms | Allocations: 294)
  Rendered tickets/show.html.erb within layouts/application (Duration: 1.7ms | Allocations: 1102)
  Rendered layout layouts/application.html.erb (Duration: 2.9ms | Allocations: 2253)
Completed 200 OK in 5ms (Views: 3.4ms | ActiveRecord: 0.1ms | Allocations: 3145)


Started GET "/tickets/1/edit" for 127.0.0.1 at 2025-01-06 13:16:49 -0300
Processing by TicketsController#edit as HTML
  Parameters: {"id"=>"1"}
  [1m[36mTicket Load (0.1ms)[0m  [1m[34mSELECT "tickets".* FROM "tickets" WHERE "tickets"."id" = ? LIMIT ?[0m  [["id", 1], ["LIMIT", 1]]
  ↳ app/controllers/tickets_controller.rb:63:in `set_ticket'
  Rendering layout layouts/application.html.erb
  Rendering tickets/edit.html.erb within layouts/application
  Rendered tickets/_form.html.erb (Duration: 1.8ms | Allocations: 1368)
  Rendered tickets/edit.html.erb within layouts/application (Duration: 2.2ms | Allocations: 1470)
  Rendered layout layouts/application.html.erb (Duration: 3.7ms | Allocations: 2615)
Completed 200 OK in 6ms (Views: 4.2ms | ActiveRecord: 0.1ms | Allocations: 3428)


Started GET "/tickets" for 127.0.0.1 at 2025-01-06 13:16:50 -0300
Processing by TicketsController#index as HTML
  Rendering layout layouts/application.html.erb
  Rendering tickets/index.html.erb within layouts/application
  [1m[36mTicket Load (0.2ms)[0m  [1m[34mSELECT "tickets".* FROM "tickets"[0m
  ↳ app/views/tickets/index.html.erb:6
  Rendered tickets/_ticket.html.erb (Duration: 0.2ms | Allocations: 25)
  Rendered tickets/index.html.erb within layouts/application (Duration: 3.5ms | Allocations: 1214)
  Rendered layout layouts/application.html.erb (Duration: 5.5ms | Allocations: 2376)
Completed 200 OK in 7ms (Views: 5.9ms | ActiveRecord: 0.2ms | Allocations: 2777)


Started GET "/tickets/1/edit" for 127.0.0.1 at 2025-01-06 13:16:50 -0300
Processing by TicketsController#edit as HTML
  Parameters: {"id"=>"1"}
  [1m[36mTicket Load (0.1ms)[0m  [1m[34mSELECT "tickets".* FROM "tickets" WHERE "tickets"."id" = ? LIMIT ?[0m  [["id", 1], ["LIMIT", 1]]
  ↳ app/controllers/tickets_controller.rb:63:in `set_ticket'
  Rendering layout layouts/application.html.erb
  Rendering tickets/edit.html.erb within layouts/application
  Rendered tickets/_form.html.erb (Duration: 2.2ms | Allocations: 1373)
  Rendered tickets/edit.html.erb within layouts/application (Duration: 3.0ms | Allocations: 1475)
  Rendered layout layouts/application.html.erb (Duration: 4.6ms | Allocations: 2622)
Completed 200 OK in 8ms (Views: 5.3ms | ActiveRecord: 0.1ms | Allocations: 3434)


Started GET "/tickets/1/edit" for 127.0.0.1 at 2025-01-06 13:16:51 -0300
Processing by TicketsController#edit as HTML
  Parameters: {"id"=>"1"}
  [1m[36mTicket Load (0.1ms)[0m  [1m[34mSELECT "tickets".* FROM "tickets" WHERE "tickets"."id" = ? LIMIT ?[0m  [["id", 1], ["LIMIT", 1]]
  ↳ app/controllers/tickets_controller.rb:63:in `set_ticket'
  Rendering layout layouts/application.html.erb
  Rendering tickets/edit.html.erb within layouts/application
  Rendered tickets/_form.html.erb (Duration: 1.7ms | Allocations: 1360)
  Rendered tickets/edit.html.erb within layouts/application (Duration: 1.9ms | Allocations: 1462)
  Rendered layout layouts/application.html.erb (Duration: 3.0ms | Allocations: 2612)
Completed 200 OK in 5ms (Views: 3.5ms | ActiveRecord: 0.1ms | Allocations: 3423)


Started GET "/tickets" for 127.0.0.1 at 2025-01-06 13:16:51 -0300
Processing by TicketsController#index as HTML
  Rendering layout layouts/application.html.erb
  Rendering tickets/index.html.erb within layouts/application
  [1m[36mTicket Load (0.1ms)[0m  [1m[34mSELECT "tickets".* FROM "tickets"[0m
  ↳ app/views/tickets/index.html.erb:6
  Rendered tickets/_ticket.html.erb (Duration: 0.1ms | Allocations: 25)
  Rendered tickets/index.html.erb within layouts/application (Duration: 1.9ms | Allocations: 929)
  Rendered layout layouts/application.html.erb (Duration: 3.6ms | Allocations: 2091)
Completed 200 OK in 5ms (Views: 4.1ms | ActiveRecord: 0.1ms | Allocations: 2410)


Started GET "/tickets/1/edit" for 127.0.0.1 at 2025-01-06 13:16:52 -0300
Processing by TicketsController#edit as HTML
  Parameters: {"id"=>"1"}
  [1m[36mTicket Load (0.1ms)[0m  [1m[34mSELECT "tickets".* FROM "tickets" WHERE "tickets"."id" = ? LIMIT ?[0m  [["id", 1], ["LIMIT", 1]]
  ↳ app/controllers/tickets_controller.rb:63:in `set_ticket'
  Rendering layout layouts/application.html.erb
  Rendering tickets/edit.html.erb within layouts/application
  Rendered tickets/_form.html.erb (Duration: 2.1ms | Allocations: 1368)
  Rendered tickets/edit.html.erb within layouts/application (Duration: 2.6ms | Allocations: 1470)
  Rendered layout layouts/application.html.erb (Duration: 4.2ms | Allocations: 2615)
Completed 200 OK in 6ms (Views: 4.8ms | ActiveRecord: 0.1ms | Allocations: 3426)


Started GET "/tickets" for 127.0.0.1 at 2025-01-06 13:16:55 -0300
Processing by TicketsController#index as HTML
  Rendering layout layouts/application.html.erb
  Rendering tickets/index.html.erb within layouts/application
  [1m[36mTicket Load (0.1ms)[0m  [1m[34mSELECT "tickets".* FROM "tickets"[0m
  ↳ app/views/tickets/index.html.erb:6
  Rendered tickets/_ticket.html.erb (Duration: 0.1ms | Allocations: 25)
  Rendered tickets/index.html.erb within layouts/application (Duration: 1.9ms | Allocations: 939)
  Rendered layout layouts/application.html.erb (Duration: 3.5ms | Allocations: 2101)
Completed 200 OK in 4ms (Views: 3.9ms | ActiveRecord: 0.1ms | Allocations: 2421)


Started GET "/tickets/new" for 127.0.0.1 at 2025-01-06 13:16:56 -0300
Processing by TicketsController#new as HTML
  Rendering layout layouts/application.html.erb
  Rendering tickets/new.html.erb within layouts/application
  Rendered tickets/_form.html.erb (Duration: 1.4ms | Allocations: 1319)
  Rendered tickets/new.html.erb within layouts/application (Duration: 2.4ms | Allocations: 1545)
  Rendered layout layouts/application.html.erb (Duration: 3.8ms | Allocations: 2694)
Completed 200 OK in 5ms (Views: 4.3ms | ActiveRecord: 0.0ms | Allocations: 3083)


Started GET "/tickets/new" for 127.0.0.1 at 2025-01-06 13:16:57 -0300
Processing by TicketsController#new as HTML
  Rendering layout layouts/application.html.erb
  Rendering tickets/new.html.erb within layouts/application
  Rendered tickets/_form.html.erb (Duration: 1.1ms | Allocations: 1324)
  Rendered tickets/new.html.erb within layouts/application (Duration: 1.4ms | Allocations: 1399)
  Rendered layout layouts/application.html.erb (Duration: 2.9ms | Allocations: 2548)
Completed 200 OK in 4ms (Views: 3.3ms | ActiveRecord: 0.0ms | Allocations: 2872)


Started GET "/tickets" for 127.0.0.1 at 2025-01-06 13:16:59 -0300
Processing by TicketsController#index as HTML
  Rendering layout layouts/application.html.erb
  Rendering tickets/index.html.erb within layouts/application
  [1m[36mTicket Load (0.1ms)[0m  [1m[34mSELECT "tickets".* FROM "tickets"[0m
  ↳ app/views/tickets/index.html.erb:6
  Rendered tickets/_ticket.html.erb (Duration: 0.1ms | Allocations: 25)
  Rendered tickets/index.html.erb within layouts/application (Duration: 1.5ms | Allocations: 919)
  Rendered layout layouts/application.html.erb (Duration: 2.8ms | Allocations: 2081)
Completed 200 OK in 4ms (Views: 3.1ms | ActiveRecord: 0.1ms | Allocations: 2400)


  [1m[36mActiveRecord::SchemaMigration Load (0.3ms)[0m  [1m[34mSELECT "schema_migrations"."version" FROM "schema_migrations" ORDER BY "schema_migrations"."version" ASC[0m
  [1m[36mCACHE ActiveRecord::SchemaMigration Load (0.0ms)[0m  [1m[34mSELECT "schema_migrations"."version" FROM "schema_migrations" ORDER BY "schema_migrations"."version" ASC[0m
  [1m[36mCACHE ActiveRecord::SchemaMigration Load (0.0ms)[0m  [1m[34mSELECT "schema_migrations"."version" FROM "schema_migrations" ORDER BY "schema_migrations"."version" ASC[0m
  [1m[36mCACHE ActiveRecord::SchemaMigration Load (0.0ms)[0m  [1m[34mSELECT "schema_migrations"."version" FROM "schema_migrations" ORDER BY "schema_migrations"."version" ASC[0m
  [1m[36mActiveRecord::InternalMetadata Load (0.4ms)[0m  [1m[34mSELECT * FROM "ar_internal_metadata" WHERE "ar_internal_metadata"."key" = ? ORDER BY "ar_internal_metadata"."key" ASC LIMIT 1[0m  [[nil, "environment"]]
  [1m[36mActiveRecord::SchemaMigration Load (0.1ms)[0m  [1m[34mSELECT "schema_migrations"."version" FROM "schema_migrations" ORDER BY "schema_migrations"."version" ASC[0m
Migrating to AddPhoneToTickets (20250106164011)
  [1m[36mTRANSACTION (0.1ms)[0m  [1m[36mbegin transaction[0m
  [1m[35m (1.4ms)[0m  [1m[35mALTER TABLE "tickets" ADD "phone" varchar[0m
  [1m[36mActiveRecord::SchemaMigration Create (0.1ms)[0m  [1m[32mINSERT INTO "schema_migrations" ("version") VALUES ('20250106164011') RETURNING "version"[0m
  [1m[36mTRANSACTION (1.3ms)[0m  [1m[36mcommit transaction[0m
  [1m[36mActiveRecord::SchemaMigration Load (0.0ms)[0m  [1m[34mSELECT "schema_migrations"."version" FROM "schema_migrations" ORDER BY "schema_migrations"."version" ASC[0m
Started GET "/" for 127.0.0.1 at 2025-01-06 13:46:22 -0300
  [1m[36mActiveRecord::SchemaMigration Load (0.2ms)[0m  [1m[34mSELECT "schema_migrations"."version" FROM "schema_migrations" ORDER BY "schema_migrations"."version" ASC[0m
Processing by Rails::WelcomeController#index as HTML
  Rendering /home/joao/.rvm/gems/ruby-3.0.0/gems/railties-7.1.5.1/lib/rails/templates/rails/welcome/index.html.erb
  Rendered /home/joao/.rvm/gems/ruby-3.0.0/gems/railties-7.1.5.1/lib/rails/templates/rails/welcome/index.html.erb (Duration: 1.9ms | Allocations: 526)
Completed 200 OK in 31ms (Views: 13.2ms | ActiveRecord: 0.0ms | Allocations: 6458)


Started GET "/tickets" for 127.0.0.1 at 2025-01-06 13:46:30 -0300
Processing by TicketsController#index as HTML
  Rendering layout layouts/application.html.erb
  Rendering tickets/index.html.erb within layouts/application
  [1m[36mTicket Load (0.2ms)[0m  [1m[34mSELECT "tickets".* FROM "tickets"[0m
  ↳ app/views/tickets/index.html.erb:6
  Rendered tickets/_ticket.html.erb (Duration: 1.6ms | Allocations: 392)
  Rendered tickets/index.html.erb within layouts/application (Duration: 126.3ms | Allocations: 22516)
  Rendered layout layouts/application.html.erb (Duration: 294.0ms | Allocations: 55754)
Completed 200 OK in 349ms (Views: 293.2ms | ActiveRecord: 13.9ms | Allocations: 67634)


Started GET "/tickets/new" for 127.0.0.1 at 2025-01-06 13:46:34 -0300
Processing by TicketsController#new as HTML
  Rendering layout layouts/application.html.erb
  Rendering tickets/new.html.erb within layouts/application
  Rendered tickets/_form.html.erb (Duration: 32.9ms | Allocations: 5322)
  Rendered tickets/new.html.erb within layouts/application (Duration: 34.6ms | Allocations: 5619)
  Rendered layout layouts/application.html.erb (Duration: 45.0ms | Allocations: 6768)
Completed 200 OK in 47ms (Views: 46.0ms | ActiveRecord: 0.0ms | Allocations: 7187)


Started POST "/tickets" for 127.0.0.1 at 2025-01-06 13:47:04 -0300
Processing by TicketsController#create as TURBO_STREAM
  Parameters: {"authenticity_token"=>"[FILTERED]", "ticket"=>{"name"=>"Ticket 2", "seat_id_seq"=>"3C", "address"=>"rua tal", "price_paid"=>"80", "email_address"=>"meuemail@email.com", "phone"=>"83 9999999999"}, "commit"=>"Create Ticket"}
[31mUnpermitted parameter: :phone. Context: { controller: TicketsController, action: create, request: #<ActionDispatch::Request:0x00007f6b48a54eb0>, params: {"authenticity_token"=>"[FILTERED]", "ticket"=>{"name"=>"Ticket 2", "seat_id_seq"=>"3C", "address"=>"rua tal", "price_paid"=>"80", "email_address"=>"meuemail@email.com", "phone"=>"83 9999999999"}, "commit"=>"Create Ticket", "controller"=>"tickets", "action"=>"create"} }[0m
  [1m[36mTRANSACTION (0.1ms)[0m  [1m[36mbegin transaction[0m
  ↳ app/controllers/tickets_controller.rb:27:in `block in create'
  [1m[36mTicket Create (10.7ms)[0m  [1m[32mINSERT INTO "tickets" ("name", "seat_id_seq", "address", "price_paid", "email_address", "created_at", "updated_at", "phone") VALUES (?, ?, ?, ?, ?, ?, ?, ?) RETURNING "id"[0m  [["name", "Ticket 2"], ["seat_id_seq", "3C"], ["address", "rua tal"], ["price_paid", 80.0], ["email_address", "meuemail@email.com"], ["created_at", "2025-01-06 16:47:04.636357"], ["updated_at", "2025-01-06 16:47:04.636357"], ["phone", nil]]
  ↳ app/controllers/tickets_controller.rb:27:in `block in create'
  [1m[36mTRANSACTION (44.7ms)[0m  [1m[36mcommit transaction[0m
  ↳ app/controllers/tickets_controller.rb:27:in `block in create'
Redirected to http://localhost:3000/tickets/2
Completed 302 Found in 73ms (ActiveRecord: 55.4ms | Allocations: 4347)


Started GET "/tickets/2" for 127.0.0.1 at 2025-01-06 13:47:04 -0300
Processing by TicketsController#show as TURBO_STREAM
  Parameters: {"id"=>"2"}
  [1m[36mTicket Load (0.3ms)[0m  [1m[34mSELECT "tickets".* FROM "tickets" WHERE "tickets"."id" = ? LIMIT ?[0m  [["id", 2], ["LIMIT", 1]]
  ↳ app/controllers/tickets_controller.rb:63:in `set_ticket'
  Rendering layout layouts/application.html.erb
  Rendering tickets/show.html.erb within layouts/application
  Rendered tickets/_ticket.html.erb (Duration: 0.3ms | Allocations: 26)
  Rendered tickets/show.html.erb within layouts/application (Duration: 2.9ms | Allocations: 796)
  Rendered layout layouts/application.html.erb (Duration: 14.7ms | Allocations: 1941)
Completed 200 OK in 29ms (Views: 16.0ms | ActiveRecord: 0.3ms | Allocations: 4850)


Started GET "/tickets" for 127.0.0.1 at 2025-01-06 13:47:13 -0300
Processing by TicketsController#index as HTML
  Rendering layout layouts/application.html.erb
  Rendering tickets/index.html.erb within layouts/application
  [1m[36mTicket Load (0.1ms)[0m  [1m[34mSELECT "tickets".* FROM "tickets"[0m
  ↳ app/views/tickets/index.html.erb:6
  Rendered tickets/_ticket.html.erb (Duration: 0.1ms | Allocations: 25)
  Rendered tickets/_ticket.html.erb (Duration: 0.1ms | Allocations: 24)
  Rendered tickets/index.html.erb within layouts/application (Duration: 3.1ms | Allocations: 1060)
  Rendered layout layouts/application.html.erb (Duration: 4.9ms | Allocations: 2222)
Completed 200 OK in 6ms (Views: 5.6ms | ActiveRecord: 0.1ms | Allocations: 2545)


Started GET "/tickets/2" for 127.0.0.1 at 2025-01-06 13:47:18 -0300
Processing by TicketsController#show as HTML
  Parameters: {"id"=>"2"}
  [1m[36mTicket Load (0.1ms)[0m  [1m[34mSELECT "tickets".* FROM "tickets" WHERE "tickets"."id" = ? LIMIT ?[0m  [["id", 2], ["LIMIT", 1]]
  ↳ app/controllers/tickets_controller.rb:63:in `set_ticket'
  Rendering layout layouts/application.html.erb
  Rendering tickets/show.html.erb within layouts/application
  Rendered tickets/_ticket.html.erb (Duration: 0.2ms | Allocations: 25)
  Rendered tickets/show.html.erb within layouts/application (Duration: 10.6ms | Allocations: 530)
  Rendered layout layouts/application.html.erb (Duration: 13.6ms | Allocations: 1675)
Completed 200 OK in 17ms (Views: 14.7ms | ActiveRecord: 0.1ms | Allocations: 2489)


Started GET "/tickets/new" for 127.0.0.1 at 2025-01-06 13:54:30 -0300
Processing by TicketsController#new as HTML
  Rendering layout layouts/application.html.erb
  Rendering tickets/new.html.erb within layouts/application
  Rendered tickets/_form.html.erb (Duration: 4.6ms | Allocations: 1498)
  Rendered tickets/new.html.erb within layouts/application (Duration: 5.3ms | Allocations: 1573)
  Rendered layout layouts/application.html.erb (Duration: 16.4ms | Allocations: 2722)
Completed 200 OK in 38ms (Views: 36.5ms | ActiveRecord: 0.0ms | Allocations: 3047)


Started GET "/tickets/new" for 127.0.0.1 at 2025-01-06 13:54:30 -0300
Processing by TicketsController#new as HTML
  Rendering layout layouts/application.html.erb
  Rendering tickets/new.html.erb within layouts/application
  Rendered tickets/_form.html.erb (Duration: 16.4ms | Allocations: 1505)
  Rendered tickets/new.html.erb within layouts/application (Duration: 17.0ms | Allocations: 1580)
  Rendered layout layouts/application.html.erb (Duration: 19.8ms | Allocations: 2729)
Completed 200 OK in 22ms (Views: 21.0ms | ActiveRecord: 0.0ms | Allocations: 3054)


Started POST "/tickets" for 127.0.0.1 at 2025-01-06 13:54:39 -0300
Processing by TicketsController#create as TURBO_STREAM
  Parameters: {"authenticity_token"=>"[FILTERED]", "ticket"=>{"name"=>"aas", "seat_id_seq"=>"asd", "address"=>"asd", "price_paid"=>"70", "email_address"=>"asd", "phone"=>"asd"}, "commit"=>"Create Ticket"}
[31mUnpermitted parameter: :phone. Context: { controller: TicketsController, action: create, request: #<ActionDispatch::Request:0x00007f6b30015bd8>, params: {"authenticity_token"=>"[FILTERED]", "ticket"=>{"name"=>"aas", "seat_id_seq"=>"asd", "address"=>"asd", "price_paid"=>"70", "email_address"=>"asd", "phone"=>"asd"}, "commit"=>"Create Ticket", "controller"=>"tickets", "action"=>"create"} }[0m
  [1m[36mTRANSACTION (0.0ms)[0m  [1m[36mbegin transaction[0m
  ↳ app/controllers/tickets_controller.rb:27:in `block in create'
  [1m[36mTicket Create (3.6ms)[0m  [1m[32mINSERT INTO "tickets" ("name", "seat_id_seq", "address", "price_paid", "email_address", "created_at", "updated_at", "phone") VALUES (?, ?, ?, ?, ?, ?, ?, ?) RETURNING "id"[0m  [["name", "aas"], ["seat_id_seq", "asd"], ["address", "asd"], ["price_paid", 70.0], ["email_address", "asd"], ["created_at", "2025-01-06 16:54:39.877295"], ["updated_at", "2025-01-06 16:54:39.877295"], ["phone", nil]]
  ↳ app/controllers/tickets_controller.rb:27:in `block in create'
  [1m[36mTRANSACTION (8.5ms)[0m  [1m[36mcommit transaction[0m
  ↳ app/controllers/tickets_controller.rb:27:in `block in create'
Redirected to http://localhost:3000/tickets/3
Completed 302 Found in 45ms (ActiveRecord: 12.7ms | Allocations: 2800)


Started GET "/tickets/3" for 127.0.0.1 at 2025-01-06 13:54:39 -0300
Processing by TicketsController#show as TURBO_STREAM
  Parameters: {"id"=>"3"}
  [1m[36mTicket Load (0.3ms)[0m  [1m[34mSELECT "tickets".* FROM "tickets" WHERE "tickets"."id" = ? LIMIT ?[0m  [["id", 3], ["LIMIT", 1]]
  ↳ app/controllers/tickets_controller.rb:63:in `set_ticket'
  Rendering layout layouts/application.html.erb
  Rendering tickets/show.html.erb within layouts/application
  Rendered tickets/_ticket.html.erb (Duration: 0.3ms | Allocations: 25)
  Rendered tickets/show.html.erb within layouts/application (Duration: 2.7ms | Allocations: 532)
  Rendered layout layouts/application.html.erb (Duration: 6.6ms | Allocations: 1677)
Completed 200 OK in 20ms (Views: 16.6ms | ActiveRecord: 0.3ms | Allocations: 2525)


Started GET "/tickets" for 127.0.0.1 at 2025-01-06 13:54:42 -0300
Processing by TicketsController#index as HTML
  Rendering layout layouts/application.html.erb
  Rendering tickets/index.html.erb within layouts/application
  [1m[36mTicket Load (0.2ms)[0m  [1m[34mSELECT "tickets".* FROM "tickets"[0m
  ↳ app/views/tickets/index.html.erb:6
  Rendered tickets/_ticket.html.erb (Duration: 0.2ms | Allocations: 25)
  Rendered tickets/_ticket.html.erb (Duration: 0.1ms | Allocations: 24)
  Rendered tickets/_ticket.html.erb (Duration: 0.1ms | Allocations: 24)
  Rendered tickets/index.html.erb within layouts/application (Duration: 4.1ms | Allocations: 1225)
  Rendered layout layouts/application.html.erb (Duration: 6.8ms | Allocations: 2387)
Completed 200 OK in 9ms (Views: 7.6ms | ActiveRecord: 0.2ms | Allocations: 2706)


Started GET "/tickets/3/edit" for 127.0.0.1 at 2025-01-06 13:54:45 -0300
Processing by TicketsController#edit as HTML
  Parameters: {"id"=>"3"}
  [1m[36mTicket Load (0.1ms)[0m  [1m[34mSELECT "tickets".* FROM "tickets" WHERE "tickets"."id" = ? LIMIT ?[0m  [["id", 3], ["LIMIT", 1]]
  ↳ app/controllers/tickets_controller.rb:63:in `set_ticket'
  Rendering layout layouts/application.html.erb
  Rendering tickets/edit.html.erb within layouts/application
  Rendered tickets/_form.html.erb (Duration: 3.7ms | Allocations: 1559)
  Rendered tickets/edit.html.erb within layouts/application (Duration: 13.9ms | Allocations: 1831)
  Rendered layout layouts/application.html.erb (Duration: 25.7ms | Allocations: 2976)
Completed 200 OK in 29ms (Views: 26.8ms | ActiveRecord: 0.1ms | Allocations: 3864)


Started GET "/tickets/3/edit" for 127.0.0.1 at 2025-01-06 13:54:46 -0300
Processing by TicketsController#edit as HTML
  Parameters: {"id"=>"3"}
  [1m[36mTicket Load (0.5ms)[0m  [1m[34mSELECT "tickets".* FROM "tickets" WHERE "tickets"."id" = ? LIMIT ?[0m  [["id", 3], ["LIMIT", 1]]
  ↳ app/controllers/tickets_controller.rb:63:in `set_ticket'
  Rendering layout layouts/application.html.erb
  Rendering tickets/edit.html.erb within layouts/application
  Rendered tickets/_form.html.erb (Duration: 4.4ms | Allocations: 1549)
  Rendered tickets/edit.html.erb within layouts/application (Duration: 5.1ms | Allocations: 1651)
  Rendered layout layouts/application.html.erb (Duration: 8.5ms | Allocations: 2796)
Completed 200 OK in 23ms (Views: 10.4ms | ActiveRecord: 0.4ms | Allocations: 3616)


Started DELETE "/tickets/3" for 127.0.0.1 at 2025-01-06 13:54:47 -0300
Processing by TicketsController#destroy as TURBO_STREAM
  Parameters: {"authenticity_token"=>"[FILTERED]", "id"=>"3"}
  [1m[36mTicket Load (0.1ms)[0m  [1m[34mSELECT "tickets".* FROM "tickets" WHERE "tickets"."id" = ? LIMIT ?[0m  [["id", 3], ["LIMIT", 1]]
  ↳ app/controllers/tickets_controller.rb:63:in `set_ticket'
  [1m[36mTRANSACTION (0.1ms)[0m  [1m[36mbegin transaction[0m
  ↳ app/controllers/tickets_controller.rb:52:in `destroy'
  [1m[36mTicket Destroy (11.9ms)[0m  [1m[31mDELETE FROM "tickets" WHERE "tickets"."id" = ?[0m  [["id", 3]]
  ↳ app/controllers/tickets_controller.rb:52:in `destroy'
  [1m[36mTRANSACTION (0.2ms)[0m  [1m[36mcommit transaction[0m
  ↳ app/controllers/tickets_controller.rb:52:in `destroy'
Redirected to http://localhost:3000/tickets
Completed 303 See Other in 30ms (ActiveRecord: 12.3ms | Allocations: 2603)


Started GET "/tickets" for 127.0.0.1 at 2025-01-06 13:54:48 -0300
Processing by TicketsController#index as TURBO_STREAM
  Rendering layout layouts/application.html.erb
  Rendering tickets/index.html.erb within layouts/application
  [1m[36mTicket Load (0.1ms)[0m  [1m[34mSELECT "tickets".* FROM "tickets"[0m
  ↳ app/views/tickets/index.html.erb:6
  Rendered tickets/_ticket.html.erb (Duration: 0.1ms | Allocations: 25)
  Rendered tickets/_ticket.html.erb (Duration: 0.1ms | Allocations: 24)
  Rendered tickets/index.html.erb within layouts/application (Duration: 14.1ms | Allocations: 1071)
  Rendered layout layouts/application.html.erb (Duration: 17.3ms | Allocations: 2241)
Completed 200 OK in 19ms (Views: 18.3ms | ActiveRecord: 0.1ms | Allocations: 2564)


Started GET "/tickets/1" for 127.0.0.1 at 2025-01-06 13:54:48 -0300
Processing by TicketsController#show as HTML
  Parameters: {"id"=>"1"}
  [1m[36mTicket Load (0.2ms)[0m  [1m[34mSELECT "tickets".* FROM "tickets" WHERE "tickets"."id" = ? LIMIT ?[0m  [["id", 1], ["LIMIT", 1]]
  ↳ app/controllers/tickets_controller.rb:63:in `set_ticket'
  Rendering layout layouts/application.html.erb
  Rendering tickets/show.html.erb within layouts/application
  Rendered tickets/_ticket.html.erb (Duration: 0.2ms | Allocations: 25)
  Rendered tickets/show.html.erb within layouts/application (Duration: 2.3ms | Allocations: 508)
  Rendered layout layouts/application.html.erb (Duration: 12.8ms | Allocations: 1653)
Completed 200 OK in 18ms (Views: 14.2ms | ActiveRecord: 0.2ms | Allocations: 2464)


Started GET "/tickets/2" for 127.0.0.1 at 2025-01-06 13:54:49 -0300
Processing by TicketsController#show as HTML
  Parameters: {"id"=>"2"}
  [1m[36mTicket Load (0.2ms)[0m  [1m[34mSELECT "tickets".* FROM "tickets" WHERE "tickets"."id" = ? LIMIT ?[0m  [["id", 2], ["LIMIT", 1]]
  ↳ app/controllers/tickets_controller.rb:63:in `set_ticket'
  Rendering layout layouts/application.html.erb
  Rendering tickets/show.html.erb within layouts/application
  Rendered tickets/_ticket.html.erb (Duration: 0.4ms | Allocations: 25)
  Rendered tickets/show.html.erb within layouts/application (Duration: 3.3ms | Allocations: 502)
  Rendered layout layouts/application.html.erb (Duration: 15.3ms | Allocations: 1647)
Completed 200 OK in 20ms (Views: 16.5ms | ActiveRecord: 0.2ms | Allocations: 2458)


Started GET "/tickets/1" for 127.0.0.1 at 2025-01-06 13:54:50 -0300
Processing by TicketsController#show as HTML
  Parameters: {"id"=>"1"}
  [1m[36mTicket Load (0.2ms)[0m  [1m[34mSELECT "tickets".* FROM "tickets" WHERE "tickets"."id" = ? LIMIT ?[0m  [["id", 1], ["LIMIT", 1]]
  ↳ app/controllers/tickets_controller.rb:63:in `set_ticket'
  Rendering layout layouts/application.html.erb
  Rendering tickets/show.html.erb within layouts/application
  Rendered tickets/_ticket.html.erb (Duration: 0.2ms | Allocations: 25)
  Rendered tickets/show.html.erb within layouts/application (Duration: 2.4ms | Allocations: 502)
  Rendered layout layouts/application.html.erb (Duration: 5.5ms | Allocations: 1647)
Completed 200 OK in 27ms (Views: 15.2ms | ActiveRecord: 0.1ms | Allocations: 2458)


Started GET "/tickets" for 127.0.0.1 at 2025-01-06 13:54:52 -0300
Processing by TicketsController#index as HTML
  Rendering layout layouts/application.html.erb
  Rendering tickets/index.html.erb within layouts/application
  [1m[36mTicket Load (0.2ms)[0m  [1m[34mSELECT "tickets".* FROM "tickets"[0m
  ↳ app/views/tickets/index.html.erb:6
  Rendered tickets/_ticket.html.erb (Duration: 0.2ms | Allocations: 25)
  Rendered tickets/_ticket.html.erb (Duration: 0.1ms | Allocations: 24)
  Rendered tickets/index.html.erb within layouts/application (Duration: 13.9ms | Allocations: 1063)
  Rendered layout layouts/application.html.erb (Duration: 29.9ms | Allocations: 2225)
Completed 200 OK in 33ms (Views: 31.3ms | ActiveRecord: 0.2ms | Allocations: 2544)


Started GET "/tickets/2" for 127.0.0.1 at 2025-01-06 13:54:54 -0300
Processing by TicketsController#show as HTML
  Parameters: {"id"=>"2"}
  [1m[36mTicket Load (0.2ms)[0m  [1m[34mSELECT "tickets".* FROM "tickets" WHERE "tickets"."id" = ? LIMIT ?[0m  [["id", 2], ["LIMIT", 1]]
  ↳ app/controllers/tickets_controller.rb:63:in `set_ticket'
  Rendering layout layouts/application.html.erb
  Rendering tickets/show.html.erb within layouts/application
  Rendered tickets/_ticket.html.erb (Duration: 0.1ms | Allocations: 25)
  Rendered tickets/show.html.erb within layouts/application (Duration: 1.7ms | Allocations: 504)
  Rendered layout layouts/application.html.erb (Duration: 14.3ms | Allocations: 1649)
Completed 200 OK in 19ms (Views: 15.6ms | ActiveRecord: 0.2ms | Allocations: 2460)


Started GET "/tickets/2/edit" for 127.0.0.1 at 2025-01-06 13:54:55 -0300
Processing by TicketsController#edit as HTML
  Parameters: {"id"=>"2"}
  [1m[36mTicket Load (0.1ms)[0m  [1m[34mSELECT "tickets".* FROM "tickets" WHERE "tickets"."id" = ? LIMIT ?[0m  [["id", 2], ["LIMIT", 1]]
  ↳ app/controllers/tickets_controller.rb:63:in `set_ticket'
  Rendering layout layouts/application.html.erb
  Rendering tickets/edit.html.erb within layouts/application
  Rendered tickets/_form.html.erb (Duration: 11.7ms | Allocations: 1547)
  Rendered tickets/edit.html.erb within layouts/application (Duration: 12.6ms | Allocations: 1649)
  Rendered layout layouts/application.html.erb (Duration: 15.3ms | Allocations: 2794)
Completed 200 OK in 19ms (Views: 16.6ms | ActiveRecord: 0.1ms | Allocations: 3606)


Started DELETE "/tickets/2" for 127.0.0.1 at 2025-01-06 13:54:55 -0300
Processing by TicketsController#destroy as TURBO_STREAM
  Parameters: {"authenticity_token"=>"[FILTERED]", "id"=>"2"}
  [1m[36mTicket Load (0.2ms)[0m  [1m[34mSELECT "tickets".* FROM "tickets" WHERE "tickets"."id" = ? LIMIT ?[0m  [["id", 2], ["LIMIT", 1]]
  ↳ app/controllers/tickets_controller.rb:63:in `set_ticket'
  [1m[36mTRANSACTION (0.1ms)[0m  [1m[36mbegin transaction[0m
  ↳ app/controllers/tickets_controller.rb:52:in `destroy'
  [1m[36mTicket Destroy (1.0ms)[0m  [1m[31mDELETE FROM "tickets" WHERE "tickets"."id" = ?[0m  [["id", 2]]
  ↳ app/controllers/tickets_controller.rb:52:in `destroy'
  [1m[36mTRANSACTION (0.1ms)[0m  [1m[36mcommit transaction[0m
  ↳ app/controllers/tickets_controller.rb:52:in `destroy'
Redirected to http://localhost:3000/tickets
Completed 303 See Other in 7ms (ActiveRecord: 1.4ms | Allocations: 2495)


Started GET "/tickets" for 127.0.0.1 at 2025-01-06 13:54:55 -0300
Processing by TicketsController#index as TURBO_STREAM
  Rendering layout layouts/application.html.erb
  Rendering tickets/index.html.erb within layouts/application
  [1m[36mTicket Load (0.1ms)[0m  [1m[34mSELECT "tickets".* FROM "tickets"[0m
  ↳ app/views/tickets/index.html.erb:6
  Rendered tickets/_ticket.html.erb (Duration: 0.2ms | Allocations: 25)
  Rendered tickets/index.html.erb within layouts/application (Duration: 4.0ms | Allocations: 951)
  Rendered layout layouts/application.html.erb (Duration: 5.4ms | Allocations: 2113)
Completed 200 OK in 7ms (Views: 5.8ms | ActiveRecord: 0.1ms | Allocations: 2435)


Started GET "/tickets/new" for 127.0.0.1 at 2025-01-06 13:54:56 -0300
Processing by TicketsController#new as HTML
  Rendering layout layouts/application.html.erb
  Rendering tickets/new.html.erb within layouts/application
  Rendered tickets/_form.html.erb (Duration: 3.1ms | Allocations: 1495)
  Rendered tickets/new.html.erb within layouts/application (Duration: 3.7ms | Allocations: 1570)
  Rendered layout layouts/application.html.erb (Duration: 15.0ms | Allocations: 2719)
Completed 200 OK in 17ms (Views: 16.4ms | ActiveRecord: 0.0ms | Allocations: 3044)


Started GET "/tickets/new" for 127.0.0.1 at 2025-01-06 13:56:18 -0300
Processing by TicketsController#new as HTML
  Rendering layout layouts/application.html.erb
  Rendering tickets/new.html.erb within layouts/application
  Rendered tickets/_form.html.erb (Duration: 14.7ms | Allocations: 2160)
  Rendered tickets/new.html.erb within layouts/application (Duration: 16.4ms | Allocations: 2458)
  Rendered layout layouts/application.html.erb (Duration: 363.7ms | Allocations: 17875)
Completed 200 OK in 409ms (Views: 377.4ms | ActiveRecord: 2.3ms | Allocations: 23878)


Started GET "/tickets" for 127.0.0.1 at 2025-01-06 13:56:27 -0300
Processing by TicketsController#index as HTML
  Rendering layout layouts/application.html.erb
  Rendering tickets/index.html.erb within layouts/application
  [1m[36mTicket Load (0.4ms)[0m  [1m[34mSELECT "tickets".* FROM "tickets"[0m
  ↳ app/views/tickets/index.html.erb:6
  Rendered tickets/_ticket.html.erb (Duration: 1.9ms | Allocations: 330)
  Rendered tickets/index.html.erb within layouts/application (Duration: 16.6ms | Allocations: 1694)
  Rendered layout layouts/application.html.erb (Duration: 21.0ms | Allocations: 2862)
Completed 200 OK in 23ms (Views: 21.7ms | ActiveRecord: 0.4ms | Allocations: 3301)


Started POST "/tickets" for 127.0.0.1 at 2025-01-06 13:56:28 -0300
Processing by TicketsController#create as TURBO_STREAM
  Parameters: {"authenticity_token"=>"[FILTERED]", "ticket"=>{"name"=>"asd", "seat_id_seq"=>"asd", "address"=>"dasad", "price_paid"=>"80", "email_address"=>"dasas", "phone"=>"asdasd"}, "commit"=>"Create Ticket"}
  [1m[36mTRANSACTION (0.1ms)[0m  [1m[36mbegin transaction[0m
  ↳ app/controllers/tickets_controller.rb:27:in `block in create'
  [1m[36mTicket Create (2.5ms)[0m  [1m[32mINSERT INTO "tickets" ("name", "seat_id_seq", "address", "price_paid", "email_address", "created_at", "updated_at", "phone") VALUES (?, ?, ?, ?, ?, ?, ?, ?) RETURNING "id"[0m  [["name", "asd"], ["seat_id_seq", "asd"], ["address", "dasad"], ["price_paid", 80.0], ["email_address", "dasas"], ["created_at", "2025-01-06 16:56:28.397494"], ["updated_at", "2025-01-06 16:56:28.397494"], ["phone", "asdasd"]]
  ↳ app/controllers/tickets_controller.rb:27:in `block in create'
  [1m[36mTRANSACTION (0.2ms)[0m  [1m[36mcommit transaction[0m
  ↳ app/controllers/tickets_controller.rb:27:in `block in create'
Redirected to http://localhost:3000/tickets/4
Completed 302 Found in 14ms (ActiveRecord: 2.7ms | Allocations: 2571)


Started GET "/tickets/4" for 127.0.0.1 at 2025-01-06 13:56:28 -0300
Processing by TicketsController#show as TURBO_STREAM
  Parameters: {"id"=>"4"}
  [1m[36mTicket Load (0.6ms)[0m  [1m[34mSELECT "tickets".* FROM "tickets" WHERE "tickets"."id" = ? LIMIT ?[0m  [["id", 4], ["LIMIT", 1]]
  ↳ app/controllers/tickets_controller.rb:63:in `set_ticket'
  Rendering layout layouts/application.html.erb
  Rendering tickets/show.html.erb within layouts/application
  Rendered tickets/_ticket.html.erb (Duration: 0.2ms | Allocations: 27)
  Rendered tickets/show.html.erb within layouts/application (Duration: 3.5ms | Allocations: 776)
  Rendered layout layouts/application.html.erb (Duration: 6.2ms | Allocations: 1921)
Completed 200 OK in 13ms (Views: 7.4ms | ActiveRecord: 0.6ms | Allocations: 3509)


Started DELETE "/tickets/4" for 127.0.0.1 at 2025-01-06 13:56:31 -0300
Processing by TicketsController#destroy as TURBO_STREAM
  Parameters: {"authenticity_token"=>"[FILTERED]", "id"=>"4"}
  [1m[36mTicket Load (0.1ms)[0m  [1m[34mSELECT "tickets".* FROM "tickets" WHERE "tickets"."id" = ? LIMIT ?[0m  [["id", 4], ["LIMIT", 1]]
  ↳ app/controllers/tickets_controller.rb:63:in `set_ticket'
  [1m[36mTRANSACTION (0.1ms)[0m  [1m[36mbegin transaction[0m
  ↳ app/controllers/tickets_controller.rb:52:in `destroy'
  [1m[36mTicket Destroy (1.7ms)[0m  [1m[31mDELETE FROM "tickets" WHERE "tickets"."id" = ?[0m  [["id", 4]]
  ↳ app/controllers/tickets_controller.rb:52:in `destroy'
  [1m[36mTRANSACTION (0.2ms)[0m  [1m[36mcommit transaction[0m
  ↳ app/controllers/tickets_controller.rb:52:in `destroy'
Redirected to http://localhost:3000/tickets
Completed 303 See Other in 17ms (ActiveRecord: 2.1ms | Allocations: 2538)


Started GET "/tickets" for 127.0.0.1 at 2025-01-06 13:56:31 -0300
Processing by TicketsController#index as TURBO_STREAM
  Rendering layout layouts/application.html.erb
  Rendering tickets/index.html.erb within layouts/application
  [1m[36mTicket Load (0.2ms)[0m  [1m[34mSELECT "tickets".* FROM "tickets"[0m
  ↳ app/views/tickets/index.html.erb:6
  Rendered tickets/_ticket.html.erb (Duration: 0.2ms | Allocations: 25)
  Rendered tickets/index.html.erb within layouts/application (Duration: 12.2ms | Allocations: 947)
  Rendered layout layouts/application.html.erb (Duration: 15.1ms | Allocations: 2109)
Completed 200 OK in 18ms (Views: 16.7ms | ActiveRecord: 0.2ms | Allocations: 2431)


Started GET "/tickets/1" for 127.0.0.1 at 2025-01-06 13:56:32 -0300
Processing by TicketsController#show as HTML
  Parameters: {"id"=>"1"}
  [1m[36mTicket Load (0.1ms)[0m  [1m[34mSELECT "tickets".* FROM "tickets" WHERE "tickets"."id" = ? LIMIT ?[0m  [["id", 1], ["LIMIT", 1]]
  ↳ app/controllers/tickets_controller.rb:63:in `set_ticket'
  Rendering layout layouts/application.html.erb
  Rendering tickets/show.html.erb within layouts/application
  Rendered tickets/_ticket.html.erb (Duration: 0.4ms | Allocations: 25)
  Rendered tickets/show.html.erb within layouts/application (Duration: 2.6ms | Allocations: 506)
  Rendered layout layouts/application.html.erb (Duration: 5.5ms | Allocations: 1651)
Completed 200 OK in 17ms (Views: 6.5ms | ActiveRecord: 0.1ms | Allocations: 2462)


Started GET "/tickets/1/edit" for 127.0.0.1 at 2025-01-06 13:56:33 -0300
Processing by TicketsController#edit as HTML
  Parameters: {"id"=>"1"}
  [1m[36mTicket Load (0.1ms)[0m  [1m[34mSELECT "tickets".* FROM "tickets" WHERE "tickets"."id" = ? LIMIT ?[0m  [["id", 1], ["LIMIT", 1]]
  ↳ app/controllers/tickets_controller.rb:63:in `set_ticket'
  Rendering layout layouts/application.html.erb
  Rendering tickets/edit.html.erb within layouts/application
  Rendered tickets/_form.html.erb (Duration: 3.6ms | Allocations: 1536)
  Rendered tickets/edit.html.erb within layouts/application (Duration: 14.6ms | Allocations: 1807)
  Rendered layout layouts/application.html.erb (Duration: 17.7ms | Allocations: 2952)
Completed 200 OK in 22ms (Views: 18.9ms | ActiveRecord: 0.1ms | Allocations: 3820)


Started GET "/tickets" for 127.0.0.1 at 2025-01-06 13:56:34 -0300
Processing by TicketsController#index as HTML
  Rendering layout layouts/application.html.erb
  Rendering tickets/index.html.erb within layouts/application
  [1m[36mTicket Load (0.2ms)[0m  [1m[34mSELECT "tickets".* FROM "tickets"[0m
  ↳ app/views/tickets/index.html.erb:6
  Rendered tickets/_ticket.html.erb (Duration: 0.2ms | Allocations: 25)
  Rendered tickets/index.html.erb within layouts/application (Duration: 4.0ms | Allocations: 935)
  Rendered layout layouts/application.html.erb (Duration: 14.9ms | Allocations: 2097)
Completed 200 OK in 17ms (Views: 16.0ms | ActiveRecord: 0.2ms | Allocations: 2417)


Started GET "/tickets/1/edit" for 127.0.0.1 at 2025-01-06 13:56:34 -0300
Processing by TicketsController#edit as HTML
  Parameters: {"id"=>"1"}
  [1m[36mTicket Load (0.1ms)[0m  [1m[34mSELECT "tickets".* FROM "tickets" WHERE "tickets"."id" = ? LIMIT ?[0m  [["id", 1], ["LIMIT", 1]]
  ↳ app/controllers/tickets_controller.rb:63:in `set_ticket'
  Rendering layout layouts/application.html.erb
  Rendering tickets/edit.html.erb within layouts/application
  Rendered tickets/_form.html.erb (Duration: 2.6ms | Allocations: 1536)
  Rendered tickets/edit.html.erb within layouts/application (Duration: 3.2ms | Allocations: 1638)
  Rendered layout layouts/application.html.erb (Duration: 13.7ms | Allocations: 2783)
Completed 200 OK in 17ms (Views: 14.9ms | ActiveRecord: 0.1ms | Allocations: 3594)


Started PATCH "/tickets/1" for 127.0.0.1 at 2025-01-06 13:56:41 -0300
Processing by TicketsController#update as TURBO_STREAM
  Parameters: {"authenticity_token"=>"[FILTERED]", "ticket"=>{"name"=>"Alan turing ", "seat_id_seq"=>"1A", "address"=>"Street 127, house assdumb", "price_paid"=>"89.99", "email_address"=>"alanturing@computation.com", "phone"=>"83 999999999"}, "commit"=>"Update Ticket", "id"=>"1"}
  [1m[36mTicket Load (0.1ms)[0m  [1m[34mSELECT "tickets".* FROM "tickets" WHERE "tickets"."id" = ? LIMIT ?[0m  [["id", 1], ["LIMIT", 1]]
  ↳ app/controllers/tickets_controller.rb:63:in `set_ticket'
  [1m[36mTRANSACTION (8.2ms)[0m  [1m[36mbegin transaction[0m
  ↳ app/controllers/tickets_controller.rb:40:in `block in update'
  [1m[36mTicket Update (10.7ms)[0m  [1m[33mUPDATE "tickets" SET "updated_at" = ?, "phone" = ? WHERE "tickets"."id" = ?[0m  [["updated_at", "2025-01-06 16:56:41.331867"], ["phone", "83 999999999"], ["id", 1]]
  ↳ app/controllers/tickets_controller.rb:40:in `block in update'
  [1m[36mTRANSACTION (0.3ms)[0m  [1m[36mcommit transaction[0m
  ↳ app/controllers/tickets_controller.rb:40:in `block in update'
Redirected to http://localhost:3000/tickets/1
Completed 302 Found in 21ms (ActiveRecord: 19.2ms | Allocations: 3139)


Started GET "/tickets/1" for 127.0.0.1 at 2025-01-06 13:56:41 -0300
Processing by TicketsController#show as TURBO_STREAM
  Parameters: {"id"=>"1"}
  [1m[36mTicket Load (0.2ms)[0m  [1m[34mSELECT "tickets".* FROM "tickets" WHERE "tickets"."id" = ? LIMIT ?[0m  [["id", 1], ["LIMIT", 1]]
  ↳ app/controllers/tickets_controller.rb:63:in `set_ticket'
  Rendering layout layouts/application.html.erb
  Rendering tickets/show.html.erb within layouts/application
  Rendered tickets/_ticket.html.erb (Duration: 0.2ms | Allocations: 27)
  Rendered tickets/show.html.erb within layouts/application (Duration: 2.2ms | Allocations: 528)
  Rendered layout layouts/application.html.erb (Duration: 4.8ms | Allocations: 1673)
Completed 200 OK in 18ms (Views: 14.9ms | ActiveRecord: 0.1ms | Allocations: 2488)


Started GET "/tickets/1/edit" for 127.0.0.1 at 2025-01-06 13:56:43 -0300
Processing by TicketsController#edit as HTML
  Parameters: {"id"=>"1"}
  [1m[36mTicket Load (0.1ms)[0m  [1m[34mSELECT "tickets".* FROM "tickets" WHERE "tickets"."id" = ? LIMIT ?[0m  [["id", 1], ["LIMIT", 1]]
  ↳ app/controllers/tickets_controller.rb:63:in `set_ticket'
  Rendering layout layouts/application.html.erb
  Rendering tickets/edit.html.erb within layouts/application
  Rendered tickets/_form.html.erb (Duration: 13.5ms | Allocations: 1540)
  Rendered tickets/edit.html.erb within layouts/application (Duration: 14.3ms | Allocations: 1642)
  Rendered layout layouts/application.html.erb (Duration: 17.8ms | Allocations: 2787)
Completed 200 OK in 22ms (Views: 18.9ms | ActiveRecord: 0.1ms | Allocations: 3599)


Started PATCH "/tickets/1" for 127.0.0.1 at 2025-01-06 13:57:02 -0300
Processing by TicketsController#update as TURBO_STREAM
  Parameters: {"authenticity_token"=>"[FILTERED]", "ticket"=>{"name"=>"Alan turing ", "seat_id_seq"=>"1A", "address"=>"Street 127, house assdumb", "price_paid"=>"89.99", "email_address"=>"alanturing@computation.com", "phone"=>"83 99999 9999"}, "commit"=>"Update Ticket", "id"=>"1"}
  [1m[36mTicket Load (0.1ms)[0m  [1m[34mSELECT "tickets".* FROM "tickets" WHERE "tickets"."id" = ? LIMIT ?[0m  [["id", 1], ["LIMIT", 1]]
  ↳ app/controllers/tickets_controller.rb:63:in `set_ticket'
  [1m[36mTRANSACTION (0.0ms)[0m  [1m[36mbegin transaction[0m
  ↳ app/controllers/tickets_controller.rb:40:in `block in update'
  [1m[36mTicket Update (0.8ms)[0m  [1m[33mUPDATE "tickets" SET "updated_at" = ?, "phone" = ? WHERE "tickets"."id" = ?[0m  [["updated_at", "2025-01-06 16:57:02.814137"], ["phone", "83 99999 9999"], ["id", 1]]
  ↳ app/controllers/tickets_controller.rb:40:in `block in update'
  [1m[36mTRANSACTION (0.1ms)[0m  [1m[36mcommit transaction[0m
  ↳ app/controllers/tickets_controller.rb:40:in `block in update'
Redirected to http://localhost:3000/tickets/1
Completed 302 Found in 7ms (ActiveRecord: 1.0ms | Allocations: 3029)


Started GET "/tickets/1" for 127.0.0.1 at 2025-01-06 13:57:02 -0300
Processing by TicketsController#show as TURBO_STREAM
  Parameters: {"id"=>"1"}
  [1m[36mTicket Load (0.1ms)[0m  [1m[34mSELECT "tickets".* FROM "tickets" WHERE "tickets"."id" = ? LIMIT ?[0m  [["id", 1], ["LIMIT", 1]]
  ↳ app/controllers/tickets_controller.rb:63:in `set_ticket'
  Rendering layout layouts/application.html.erb
  Rendering tickets/show.html.erb within layouts/application
  Rendered tickets/_ticket.html.erb (Duration: 0.1ms | Allocations: 27)
  Rendered tickets/show.html.erb within layouts/application (Duration: 1.1ms | Allocations: 532)
  Rendered layout layouts/application.html.erb (Duration: 2.6ms | Allocations: 1677)
Completed 200 OK in 4ms (Views: 3.0ms | ActiveRecord: 0.1ms | Allocations: 2492)


  [1m[36mActiveRecord::SchemaMigration Load (0.1ms)[0m  [1m[34mSELECT "schema_migrations"."version" FROM "schema_migrations" ORDER BY "schema_migrations"."version" ASC[0m
  [1m[36mActiveRecord::SchemaMigration Load (9.9ms)[0m  [1m[34mSELECT "schema_migrations"."version" FROM "schema_migrations" ORDER BY "schema_migrations"."version" ASC[0m
Started GET "/" for 127.0.0.1 at 2025-01-08 21:13:44 -0300
  [1m[36mActiveRecord::SchemaMigration Load (0.2ms)[0m  [1m[34mSELECT "schema_migrations"."version" FROM "schema_migrations" ORDER BY "schema_migrations"."version" ASC[0m
Processing by Rails::WelcomeController#index as HTML
  Rendering /home/joao/.rvm/gems/ruby-3.0.0/gems/railties-7.1.5.1/lib/rails/templates/rails/welcome/index.html.erb
  Rendered /home/joao/.rvm/gems/ruby-3.0.0/gems/railties-7.1.5.1/lib/rails/templates/rails/welcome/index.html.erb (Duration: 2.3ms | Allocations: 526)
Completed 200 OK in 18ms (Views: 8.8ms | ActiveRecord: 0.0ms | Allocations: 6458)


Started GET "/tickets" for 127.0.0.1 at 2025-01-08 21:13:52 -0300
Processing by TicketsController#index as HTML
  Rendering layout layouts/application.html.erb
  Rendering tickets/index.html.erb within layouts/application
  [1m[36mTicket Load (0.5ms)[0m  [1m[34mSELECT "tickets".* FROM "tickets"[0m
  ↳ app/views/tickets/index.html.erb:6
  Rendered tickets/_ticket.html.erb (Duration: 0.9ms | Allocations: 394)
  Rendered tickets/index.html.erb within layouts/application (Duration: 20.9ms | Allocations: 22519)
  Rendered layout layouts/application.html.erb (Duration: 88.9ms | Allocations: 56221)
Completed 200 OK in 110ms (Views: 88.5ms | ActiveRecord: 1.9ms | Allocations: 68101)


Started GET "/tickets/new" for 127.0.0.1 at 2025-01-08 21:13:55 -0300
Processing by TicketsController#new as HTML
  Rendering layout layouts/application.html.erb
  Rendering tickets/new.html.erb within layouts/application
  Rendered tickets/_form.html.erb (Duration: 13.0ms | Allocations: 5316)
  Rendered tickets/new.html.erb within layouts/application (Duration: 13.8ms | Allocations: 5615)
  Rendered layout layouts/application.html.erb (Duration: 15.1ms | Allocations: 6764)
Completed 200 OK in 17ms (Views: 15.6ms | ActiveRecord: 0.0ms | Allocations: 7183)


Started GET "/tickets/1" for 127.0.0.1 at 2025-01-08 21:13:55 -0300
Processing by TicketsController#show as HTML
  Parameters: {"id"=>"1"}
  [1m[36mTicket Load (0.2ms)[0m  [1m[34mSELECT "tickets".* FROM "tickets" WHERE "tickets"."id" = ? LIMIT ?[0m  [["id", 1], ["LIMIT", 1]]
  ↳ app/controllers/tickets_controller.rb:63:in `set_ticket'
  Rendering layout layouts/application.html.erb
  Rendering tickets/show.html.erb within layouts/application
  Rendered tickets/_ticket.html.erb (Duration: 0.1ms | Allocations: 27)
  Rendered tickets/show.html.erb within layouts/application (Duration: 1.3ms | Allocations: 727)
  Rendered layout layouts/application.html.erb (Duration: 2.5ms | Allocations: 1872)
Completed 200 OK in 8ms (Views: 2.9ms | ActiveRecord: 0.2ms | Allocations: 4796)


Started GET "/tickets/new" for 127.0.0.1 at 2025-01-08 21:13:56 -0300
Processing by TicketsController#new as HTML
  Rendering layout layouts/application.html.erb
  Rendering tickets/new.html.erb within layouts/application
  Rendered tickets/_form.html.erb (Duration: 1.2ms | Allocations: 1485)
  Rendered tickets/new.html.erb within layouts/application (Duration: 1.4ms | Allocations: 1560)
  Rendered layout layouts/application.html.erb (Duration: 2.2ms | Allocations: 2709)
Completed 200 OK in 3ms (Views: 2.6ms | ActiveRecord: 0.0ms | Allocations: 3038)


Started GET "/tickets/1" for 127.0.0.1 at 2025-01-08 21:13:57 -0300
Processing by TicketsController#show as HTML
  Parameters: {"id"=>"1"}
  [1m[36mTicket Load (0.2ms)[0m  [1m[34mSELECT "tickets".* FROM "tickets" WHERE "tickets"."id" = ? LIMIT ?[0m  [["id", 1], ["LIMIT", 1]]
  ↳ app/controllers/tickets_controller.rb:63:in `set_ticket'
  Rendering layout layouts/application.html.erb
  Rendering tickets/show.html.erb within layouts/application
  Rendered tickets/_ticket.html.erb (Duration: 0.1ms | Allocations: 27)
  Rendered tickets/show.html.erb within layouts/application (Duration: 0.8ms | Allocations: 504)
  Rendered layout layouts/application.html.erb (Duration: 1.8ms | Allocations: 1649)
Completed 200 OK in 3ms (Views: 2.1ms | ActiveRecord: 0.2ms | Allocations: 2464)


Started GET "/tickets" for 127.0.0.1 at 2025-01-08 21:13:58 -0300
Processing by TicketsController#index as HTML
  Rendering layout layouts/application.html.erb
  Rendering tickets/index.html.erb within layouts/application
  [1m[36mTicket Load (0.1ms)[0m  [1m[34mSELECT "tickets".* FROM "tickets"[0m
  ↳ app/views/tickets/index.html.erb:6
  Rendered tickets/_ticket.html.erb (Duration: 0.1ms | Allocations: 27)
  Rendered tickets/index.html.erb within layouts/application (Duration: 1.6ms | Allocations: 938)
  Rendered layout layouts/application.html.erb (Duration: 2.8ms | Allocations: 2100)
Completed 200 OK in 4ms (Views: 3.3ms | ActiveRecord: 0.1ms | Allocations: 2428)


Started GET "/tickets/1/edit" for 127.0.0.1 at 2025-01-08 21:13:59 -0300
Processing by TicketsController#edit as HTML
  Parameters: {"id"=>"1"}
  [1m[36mTicket Load (0.1ms)[0m  [1m[34mSELECT "tickets".* FROM "tickets" WHERE "tickets"."id" = ? LIMIT ?[0m  [["id", 1], ["LIMIT", 1]]
  ↳ app/controllers/tickets_controller.rb:63:in `set_ticket'
  Rendering layout layouts/application.html.erb
  Rendering tickets/edit.html.erb within layouts/application
  Rendered tickets/_form.html.erb (Duration: 1.9ms | Allocations: 1565)
  Rendered tickets/edit.html.erb within layouts/application (Duration: 2.7ms | Allocations: 1837)
  Rendered layout layouts/application.html.erb (Duration: 4.2ms | Allocations: 2982)
Completed 200 OK in 7ms (Views: 4.8ms | ActiveRecord: 0.1ms | Allocations: 3861)


Started GET "/tickets/1/edit" for 127.0.0.1 at 2025-01-08 21:13:59 -0300
Processing by TicketsController#edit as HTML
  Parameters: {"id"=>"1"}
  [1m[36mTicket Load (0.1ms)[0m  [1m[34mSELECT "tickets".* FROM "tickets" WHERE "tickets"."id" = ? LIMIT ?[0m  [["id", 1], ["LIMIT", 1]]
  ↳ app/controllers/tickets_controller.rb:63:in `set_ticket'
  Rendering layout layouts/application.html.erb
  Rendering tickets/edit.html.erb within layouts/application
  Rendered tickets/_form.html.erb (Duration: 1.6ms | Allocations: 1543)
  Rendered tickets/edit.html.erb within layouts/application (Duration: 2.0ms | Allocations: 1645)
  Rendered layout layouts/application.html.erb (Duration: 3.4ms | Allocations: 2790)
Completed 200 OK in 5ms (Views: 3.8ms | ActiveRecord: 0.1ms | Allocations: 3602)


Started GET "/tickets" for 127.0.0.1 at 2025-01-08 21:14:01 -0300
Processing by TicketsController#index as HTML
  Rendering layout layouts/application.html.erb
  Rendering tickets/index.html.erb within layouts/application
  [1m[36mTicket Load (0.1ms)[0m  [1m[34mSELECT "tickets".* FROM "tickets"[0m
  ↳ app/views/tickets/index.html.erb:6
  Rendered tickets/_ticket.html.erb (Duration: 0.1ms | Allocations: 27)
  Rendered tickets/index.html.erb within layouts/application (Duration: 1.4ms | Allocations: 944)
  Rendered layout layouts/application.html.erb (Duration: 2.7ms | Allocations: 2106)
Completed 200 OK in 3ms (Views: 3.0ms | ActiveRecord: 0.1ms | Allocations: 2425)


Started GET "/tickets/new" for 127.0.0.1 at 2025-01-08 21:14:02 -0300
Processing by TicketsController#new as HTML
  Rendering layout layouts/application.html.erb
  Rendering tickets/new.html.erb within layouts/application
  Rendered tickets/_form.html.erb (Duration: 1.3ms | Allocations: 1493)
  Rendered tickets/new.html.erb within layouts/application (Duration: 1.5ms | Allocations: 1568)
  Rendered layout layouts/application.html.erb (Duration: 2.7ms | Allocations: 2717)
Completed 200 OK in 3ms (Views: 3.0ms | ActiveRecord: 0.0ms | Allocations: 3042)


Started GET "/tickets/1" for 127.0.0.1 at 2025-01-08 21:14:02 -0300
Processing by TicketsController#show as HTML
  Parameters: {"id"=>"1"}
  [1m[36mTicket Load (0.1ms)[0m  [1m[34mSELECT "tickets".* FROM "tickets" WHERE "tickets"."id" = ? LIMIT ?[0m  [["id", 1], ["LIMIT", 1]]
  ↳ app/controllers/tickets_controller.rb:63:in `set_ticket'
  Rendering layout layouts/application.html.erb
  Rendering tickets/show.html.erb within layouts/application
  Rendered tickets/_ticket.html.erb (Duration: 0.1ms | Allocations: 27)
  Rendered tickets/show.html.erb within layouts/application (Duration: 0.9ms | Allocations: 500)
  Rendered layout layouts/application.html.erb (Duration: 2.2ms | Allocations: 1645)
Completed 200 OK in 4ms (Views: 2.6ms | ActiveRecord: 0.1ms | Allocations: 2460)


Started GET "/tickets/1" for 127.0.0.1 at 2025-01-08 21:14:03 -0300
Processing by TicketsController#show as HTML
  Parameters: {"id"=>"1"}
  [1m[36mTicket Load (0.1ms)[0m  [1m[34mSELECT "tickets".* FROM "tickets" WHERE "tickets"."id" = ? LIMIT ?[0m  [["id", 1], ["LIMIT", 1]]
  ↳ app/controllers/tickets_controller.rb:63:in `set_ticket'
  Rendering layout layouts/application.html.erb
  Rendering tickets/show.html.erb within layouts/application
  Rendered tickets/_ticket.html.erb (Duration: 0.1ms | Allocations: 27)
  Rendered tickets/show.html.erb within layouts/application (Duration: 0.7ms | Allocations: 508)
  Rendered layout layouts/application.html.erb (Duration: 1.8ms | Allocations: 1653)
Completed 200 OK in 3ms (Views: 2.2ms | ActiveRecord: 0.1ms | Allocations: 2465)


Started GET "/tickets/new" for 127.0.0.1 at 2025-01-08 21:14:04 -0300
Processing by TicketsController#new as HTML
  Rendering layout layouts/application.html.erb
  Rendering tickets/new.html.erb within layouts/application
  Rendered tickets/_form.html.erb (Duration: 1.4ms | Allocations: 1504)
  Rendered tickets/new.html.erb within layouts/application (Duration: 1.6ms | Allocations: 1579)
  Rendered layout layouts/application.html.erb (Duration: 2.7ms | Allocations: 2728)
Completed 200 OK in 3ms (Views: 3.0ms | ActiveRecord: 0.0ms | Allocations: 3053)


Started GET "/tickets/1" for 127.0.0.1 at 2025-01-08 21:14:05 -0300
Processing by TicketsController#show as HTML
  Parameters: {"id"=>"1"}
  [1m[36mTicket Load (0.1ms)[0m  [1m[34mSELECT "tickets".* FROM "tickets" WHERE "tickets"."id" = ? LIMIT ?[0m  [["id", 1], ["LIMIT", 1]]
  ↳ app/controllers/tickets_controller.rb:63:in `set_ticket'
  Rendering layout layouts/application.html.erb
  Rendering tickets/show.html.erb within layouts/application
  Rendered tickets/_ticket.html.erb (Duration: 0.1ms | Allocations: 27)
  Rendered tickets/show.html.erb within layouts/application (Duration: 0.7ms | Allocations: 508)
  Rendered layout layouts/application.html.erb (Duration: 1.8ms | Allocations: 1653)
Completed 200 OK in 3ms (Views: 2.1ms | ActiveRecord: 0.1ms | Allocations: 2467)


  [1m[36mActiveRecord::InternalMetadata Load (0.1ms)[0m  [1m[34mSELECT * FROM "ar_internal_metadata" WHERE "ar_internal_metadata"."key" = ? ORDER BY "ar_internal_metadata"."key" ASC LIMIT 1[0m  [[nil, "environment"]]
  [1m[36mActiveRecord::SchemaMigration Load (0.1ms)[0m  [1m[34mSELECT "schema_migrations"."version" FROM "schema_migrations" ORDER BY "schema_migrations"."version" ASC[0m
Migrating to CreateEvents (20250109001630)
  [1m[36mTRANSACTION (0.0ms)[0m  [1m[36mbegin transaction[0m
  [1m[35m (0.9ms)[0m  [1m[35mCREATE TABLE "events" ("id" integer PRIMARY KEY AUTOINCREMENT NOT NULL, "artist" varchar, "description" text, "price_low" decimal, "price_high" decimal, "event_date" date, "created_at" datetime(6) NOT NULL, "updated_at" datetime(6) NOT NULL)[0m
  [1m[36mActiveRecord::SchemaMigration Create (0.6ms)[0m  [1m[32mINSERT INTO "schema_migrations" ("version") VALUES ('20250109001630') RETURNING "version"[0m
  [1m[36mTRANSACTION (1.5ms)[0m  [1m[36mcommit transaction[0m
  [1m[36mActiveRecord::SchemaMigration Load (0.0ms)[0m  [1m[34mSELECT "schema_migrations"."version" FROM "schema_migrations" ORDER BY "schema_migrations"."version" ASC[0m
Started GET "/events" for 127.0.0.1 at 2025-01-08 21:19:10 -0300
  [1m[36mActiveRecord::SchemaMigration Load (0.3ms)[0m  [1m[34mSELECT "schema_migrations"."version" FROM "schema_migrations" ORDER BY "schema_migrations"."version" ASC[0m
Processing by EventsController#index as HTML
  Rendering layout layouts/application.html.erb
  Rendering events/index.html.erb within layouts/application
  [1m[36mEvent Load (0.0ms)[0m  [1m[34mSELECT "events".* FROM "events"[0m
  ↳ app/views/events/index.html.erb:6
  Rendered events/index.html.erb within layouts/application (Duration: 8.4ms | Allocations: 3754)
  Rendered layout layouts/application.html.erb (Duration: 62.4ms | Allocations: 37460)
Completed 200 OK in 83ms (Views: 65.3ms | ActiveRecord: 1.3ms | Allocations: 54318)


Started GET "/events/new" for 127.0.0.1 at 2025-01-08 21:19:11 -0300
Processing by EventsController#new as HTML
  Rendering layout layouts/application.html.erb
  Rendering events/new.html.erb within layouts/application
  Rendered events/_form.html.erb (Duration: 5.3ms | Allocations: 3538)
  Rendered events/new.html.erb within layouts/application (Duration: 7.1ms | Allocations: 3863)
  Rendered layout layouts/application.html.erb (Duration: 9.1ms | Allocations: 5014)
Completed 200 OK in 20ms (Views: 9.9ms | ActiveRecord: 0.3ms | Allocations: 24926)


Started GET "/events/new" for 127.0.0.1 at 2025-01-08 21:19:12 -0300
Processing by EventsController#new as HTML
  Rendering layout layouts/application.html.erb
  Rendering events/new.html.erb within layouts/application
  Rendered events/_form.html.erb (Duration: 1.8ms | Allocations: 1323)
  Rendered events/new.html.erb within layouts/application (Duration: 2.0ms | Allocations: 1398)
  Rendered layout layouts/application.html.erb (Duration: 3.1ms | Allocations: 2547)
Completed 200 OK in 4ms (Views: 3.6ms | ActiveRecord: 0.0ms | Allocations: 2880)


Started GET "/events/new" for 127.0.0.1 at 2025-01-08 21:20:05 -0300
Processing by EventsController#new as HTML
  Rendering layout layouts/application.html.erb
  Rendering events/new.html.erb within layouts/application
  Rendered events/_form.html.erb (Duration: 2.1ms | Allocations: 2010)
  Rendered events/new.html.erb within layouts/application (Duration: 2.8ms | Allocations: 2306)
  Rendered layout layouts/application.html.erb (Duration: 11.4ms | Allocations: 17578)
Completed 200 OK in 18ms (Views: 12.7ms | ActiveRecord: 1.4ms | Allocations: 23220)


Started GET "/events/new" for 127.0.0.1 at 2025-01-08 21:20:21 -0300
Processing by EventsController#new as HTML
  Rendering layout layouts/application.html.erb
  Rendering events/new.html.erb within layouts/application
  Rendered events/_form.html.erb (Duration: 2.2ms | Allocations: 1954)
  Rendered events/new.html.erb within layouts/application (Duration: 3.0ms | Allocations: 2254)
  Rendered layout layouts/application.html.erb (Duration: 10.7ms | Allocations: 17594)
Completed 200 OK in 17ms (Views: 12.1ms | ActiveRecord: 1.7ms | Allocations: 23294)


Started GET "/events/new" for 127.0.0.1 at 2025-01-08 21:20:27 -0300
Processing by EventsController#new as HTML
  Rendering layout layouts/application.html.erb
  Rendering events/new.html.erb within layouts/application
  Rendered events/_form.html.erb (Duration: 17.5ms | Allocations: 1921)
  Rendered events/new.html.erb within layouts/application (Duration: 21.9ms | Allocations: 2217)
  Rendered layout layouts/application.html.erb (Duration: 32.1ms | Allocations: 17560)
Completed 200 OK in 63ms (Views: 35.7ms | ActiveRecord: 12.5ms | Allocations: 23193)


Started POST "/events" for 127.0.0.1 at 2025-01-08 21:20:42 -0300
Processing by EventsController#create as TURBO_STREAM
  Parameters: {"authenticity_token"=>"[FILTERED]", "event"=>{"artist"=>"Joao Lucas ", "description"=>"Nice event\n", "price_low"=>"10", "price_high"=>"", "event_date"=>""}, "commit"=>"Create Event"}
  [1m[36mTRANSACTION (0.1ms)[0m  [1m[36mbegin transaction[0m
  ↳ app/controllers/events_controller.rb:27:in `block in create'
  [1m[36mEvent Create (0.8ms)[0m  [1m[32mINSERT INTO "events" ("artist", "description", "price_low", "price_high", "event_date", "created_at", "updated_at") VALUES (?, ?, ?, ?, ?, ?, ?) RETURNING "id"[0m  [["artist", "Joao Lucas "], ["description", "Nice event\n"], ["price_low", 10.0], ["price_high", nil], ["event_date", nil], ["created_at", "2025-01-09 00:20:42.121664"], ["updated_at", "2025-01-09 00:20:42.121664"]]
  ↳ app/controllers/events_controller.rb:27:in `block in create'
  [1m[36mTRANSACTION (1.0ms)[0m  [1m[36mcommit transaction[0m
  ↳ app/controllers/events_controller.rb:27:in `block in create'
Redirected to http://localhost:3000/events/1
Completed 302 Found in 6ms (ActiveRecord: 1.9ms | Allocations: 3810)


Started GET "/events/1" for 127.0.0.1 at 2025-01-08 21:20:42 -0300
Processing by EventsController#show as TURBO_STREAM
  Parameters: {"id"=>"1"}
  [1m[36mEvent Load (0.2ms)[0m  [1m[34mSELECT "events".* FROM "events" WHERE "events"."id" = ? LIMIT ?[0m  [["id", 1], ["LIMIT", 1]]
  ↳ app/controllers/events_controller.rb:63:in `set_event'
  Rendering layout layouts/application.html.erb
  Rendering events/show.html.erb within layouts/application
  Rendered events/_event.html.erb (Duration: 0.4ms | Allocations: 312)
  Rendered events/show.html.erb within layouts/application (Duration: 2.4ms | Allocations: 1379)
  Rendered layout layouts/application.html.erb (Duration: 3.4ms | Allocations: 2524)
Completed 200 OK in 7ms (Views: 3.9ms | ActiveRecord: 0.2ms | Allocations: 5524)


Started GET "/events" for 127.0.0.1 at 2025-01-08 21:20:44 -0300
Processing by EventsController#index as HTML
  Rendering layout layouts/application.html.erb
  Rendering events/index.html.erb within layouts/application
  [1m[36mEvent Load (0.1ms)[0m  [1m[34mSELECT "events".* FROM "events"[0m
  ↳ app/views/events/index.html.erb:6
  Rendered events/_event.html.erb (Duration: 0.1ms | Allocations: 21)
  Rendered events/index.html.erb within layouts/application (Duration: 7.8ms | Allocations: 1222)
  Rendered layout layouts/application.html.erb (Duration: 8.8ms | Allocations: 2385)
Completed 200 OK in 10ms (Views: 9.1ms | ActiveRecord: 0.1ms | Allocations: 2796)


Started GET "/events/1/edit" for 127.0.0.1 at 2025-01-08 21:20:44 -0300
Processing by EventsController#edit as HTML
  Parameters: {"id"=>"1"}
  [1m[36mEvent Load (0.1ms)[0m  [1m[34mSELECT "events".* FROM "events" WHERE "events"."id" = ? LIMIT ?[0m  [["id", 1], ["LIMIT", 1]]
  ↳ app/controllers/events_controller.rb:63:in `set_event'
  Rendering layout layouts/application.html.erb
  Rendering events/edit.html.erb within layouts/application
  Rendered events/_form.html.erb (Duration: 1.2ms | Allocations: 1375)
  Rendered events/edit.html.erb within layouts/application (Duration: 1.8ms | Allocations: 1647)
  Rendered layout layouts/application.html.erb (Duration: 2.7ms | Allocations: 2799)
Completed 200 OK in 4ms (Views: 3.0ms | ActiveRecord: 0.0ms | Allocations: 3670)


Started GET "/events/1" for 127.0.0.1 at 2025-01-08 21:20:53 -0300
Processing by EventsController#show as HTML
  Parameters: {"id"=>"1"}
  [1m[36mEvent Load (0.1ms)[0m  [1m[34mSELECT "events".* FROM "events" WHERE "events"."id" = ? LIMIT ?[0m  [["id", 1], ["LIMIT", 1]]
  ↳ app/controllers/events_controller.rb:63:in `set_event'
  Rendering layout layouts/application.html.erb
  Rendering events/show.html.erb within layouts/application
  Rendered events/_event.html.erb (Duration: 0.1ms | Allocations: 21)
  Rendered events/show.html.erb within layouts/application (Duration: 0.8ms | Allocations: 510)
  Rendered layout layouts/application.html.erb (Duration: 1.6ms | Allocations: 1655)
Completed 200 OK in 3ms (Views: 2.1ms | ActiveRecord: 0.1ms | Allocations: 2466)


Started PATCH "/events/1" for 127.0.0.1 at 2025-01-08 21:20:55 -0300
Processing by EventsController#update as TURBO_STREAM
  Parameters: {"authenticity_token"=>"[FILTERED]", "event"=>{"artist"=>"Joao Lucas ", "description"=>"Nice event\n", "price_low"=>"10.0", "price_high"=>"50", "event_date"=>"2025-01-27"}, "commit"=>"Update Event", "id"=>"1"}
  [1m[36mEvent Load (0.1ms)[0m  [1m[34mSELECT "events".* FROM "events" WHERE "events"."id" = ? LIMIT ?[0m  [["id", 1], ["LIMIT", 1]]
  ↳ app/controllers/events_controller.rb:63:in `set_event'
  [1m[36mTRANSACTION (0.0ms)[0m  [1m[36mbegin transaction[0m
  ↳ app/controllers/events_controller.rb:40:in `block in update'
  [1m[36mEvent Update (0.7ms)[0m  [1m[33mUPDATE "events" SET "price_high" = ?, "event_date" = ?, "updated_at" = ? WHERE "events"."id" = ?[0m  [["price_high", 50.0], ["event_date", "2025-01-27"], ["updated_at", "2025-01-09 00:20:55.414375"], ["id", 1]]
  ↳ app/controllers/events_controller.rb:40:in `block in update'
  [1m[36mTRANSACTION (0.1ms)[0m  [1m[36mcommit transaction[0m
  ↳ app/controllers/events_controller.rb:40:in `block in update'
Redirected to http://localhost:3000/events/1
Completed 302 Found in 5ms (ActiveRecord: 0.8ms | Allocations: 3162)


Started GET "/events/1" for 127.0.0.1 at 2025-01-08 21:20:55 -0300
Processing by EventsController#show as TURBO_STREAM
  Parameters: {"id"=>"1"}
  [1m[36mEvent Load (0.1ms)[0m  [1m[34mSELECT "events".* FROM "events" WHERE "events"."id" = ? LIMIT ?[0m  [["id", 1], ["LIMIT", 1]]
  ↳ app/controllers/events_controller.rb:63:in `set_event'
  Rendering layout layouts/application.html.erb
  Rendering events/show.html.erb within layouts/application
  Rendered events/_event.html.erb (Duration: 0.1ms | Allocations: 34)
  Rendered events/show.html.erb within layouts/application (Duration: 0.8ms | Allocations: 547)
  Rendered layout layouts/application.html.erb (Duration: 2.0ms | Allocations: 1692)
Completed 200 OK in 3ms (Views: 2.3ms | ActiveRecord: 0.1ms | Allocations: 2505)


Started GET "/events" for 127.0.0.1 at 2025-01-08 21:20:56 -0300
Processing by EventsController#index as HTML
  Rendering layout layouts/application.html.erb
  Rendering events/index.html.erb within layouts/application
  [1m[36mEvent Load (0.1ms)[0m  [1m[34mSELECT "events".* FROM "events"[0m
  ↳ app/views/events/index.html.erb:6
  Rendered events/_event.html.erb (Duration: 0.1ms | Allocations: 32)
  Rendered events/index.html.erb within layouts/application (Duration: 1.3ms | Allocations: 935)
  Rendered layout layouts/application.html.erb (Duration: 2.3ms | Allocations: 2097)
Completed 200 OK in 3ms (Views: 2.6ms | ActiveRecord: 0.0ms | Allocations: 2416)


Started GET "/events" for 127.0.0.1 at 2025-01-08 21:20:57 -0300
Processing by EventsController#index as HTML
  Rendering layout layouts/application.html.erb
  Rendering events/index.html.erb within layouts/application
  [1m[36mEvent Load (0.1ms)[0m  [1m[34mSELECT "events".* FROM "events"[0m
  ↳ app/views/events/index.html.erb:6
  Rendered events/_event.html.erb (Duration: 0.1ms | Allocations: 32)
  Rendered events/index.html.erb within layouts/application (Duration: 1.4ms | Allocations: 937)
  Rendered layout layouts/application.html.erb (Duration: 2.4ms | Allocations: 2099)
Completed 200 OK in 3ms (Views: 2.6ms | ActiveRecord: 0.1ms | Allocations: 2419)


  [1m[36mActiveRecord::SchemaMigration Load (0.1ms)[0m  [1m[34mSELECT "schema_migrations"."version" FROM "schema_migrations" ORDER BY "schema_migrations"."version" ASC[0m
